#
# A fatal error has been detected by the Java Runtime Environment:
#
#  EXCEPTION_ACCESS_VIOLATION (0xc0000005) at pc=0x00007ffd4e94c8ce, pid=4928, tid=9152
#
# JRE version: OpenJDK Runtime Environment Temurin-17.0.5+8 (17.0.5+8) (build 17.0.5+8)
# Java VM: OpenJDK 64-Bit Server VM Temurin-17.0.5+8 (17.0.5+8, mixed mode, tiered, compressed oops, compressed class ptrs, parallel gc, windows-amd64)
# Problematic frame:
# V  [jvm.dll+0xc8ce]
#
# No core dump will be written. Minidumps are not enabled by default on client versions of Windows
#
# If you would like to submit a bug report, please visit:
#   https://github.com/adoptium/adoptium-support/issues
#

---------------  S U M M A R Y ------------

Command Line: --add-modules=ALL-SYSTEM --add-opens=java.base/java.util=ALL-UNNAMED --add-opens=java.base/java.lang=ALL-UNNAMED --add-opens=java.base/sun.nio.fs=ALL-UNNAMED -Declipse.application=org.eclipse.jdt.ls.core.id1 -Dosgi.bundles.defaultStartLevel=4 -Declipse.product=org.eclipse.jdt.ls.core.product -Djava.import.generatesMetadataFilesAtProjectRoot=false -Dfile.encoding=utf8 -XX:+UseParallelGC -XX:GCTimeRatio=4 -XX:AdaptiveSizePolicyWeight=90 -Dsun.zip.disableMemoryMapping=true -Xmx1G -Xms100m -Xlog:disable -javaagent:c:\Users\Dan\.vscode\extensions\redhat.java-1.13.0-win32-x64\lombok\lombok-1.18.24.jar -XX:+HeapDumpOnOutOfMemoryError -XX:HeapDumpPath=c:\Users\Dan\AppData\Roaming\Code\User\workspaceStorage\28d6d5f61db531afcfd3305c548b7bb8\redhat.java c:\Users\Dan\.vscode\extensions\redhat.java-1.13.0-win32-x64\server\plugins\org.eclipse.equinox.launcher_1.6.400.v20210924-0641.jar -configuration c:\Users\Dan\AppData\Roaming\Code\User\globalStorage\redhat.java\1.13.0\config_win -data c:\Users\Dan\AppData\Roaming\Code\User\workspaceStorage\28d6d5f61db531afcfd3305c548b7bb8\redhat.java\jdt_ws

Host: Intel(R) Core(TM)2 Quad CPU    Q6600  @ 2.40GHz, 4 cores, 6G,  Windows 10 , 64 bit Build 10586 (10.0.10586.0)
Time: Wed Dec 21 14:48:36 2022 Hora estándar de Argentina elapsed time: 44.876744 seconds (0d 0h 0m 44s)

---------------  T H R E A D  ---------------

Current thread (0x000001b827134120):  GCTaskThread "GC Thread#3" [stack: 0x0000001c2ee00000,0x0000001c2ef00000] [id=9152]

Stack: [0x0000001c2ee00000,0x0000001c2ef00000],  sp=0x0000001c2eeff378,  free space=1020k
Native frames: (J=compiled Java code, j=interpreted, Vv=VM code, C=native code)
V  [jvm.dll+0xc8ce]


siginfo: EXCEPTION_ACCESS_VIOLATION (0xc0000005), reading address 0x00000000e14d2c10


Register to memory mapping:

RIP=0x00007ffd4e94c8ce jvm.dll
RAX=0x0000000000000001 is an unknown value
RBX=0x00000000e14d2c08 is an unallocated location in the heap
RCX=0x00000000e14d2c08 is an unallocated location in the heap
RDX=0x00000000e14d2c08 is an unallocated location in the heap
RSP=0x0000001c2eeff378 points into unknown readable memory: 0x00007ffd4efe9d72 | 72 9d fe 4e fd 7f 00 00
RBP=0x0000001c2eeff480 points into unknown readable memory: 0x00007ffd4f2ec358 | 58 c3 2e 4f fd 7f 00 00
RSI=0x00000000c14d2860 is an oop: [B 
{0x00000000c14d2860} - klass: {type array byte}
 - length: 413
RDI=0x000001b823f864d0 points into unknown readable memory: 0x000001b80e0e0150 | 50 01 0e 0e b8 01 00 00
R8 =0x000001b821e80000 points into unknown readable memory: 0x0400000020005251 | 51 52 00 20 00 00 00 04
R9 =0x000000000010a696 is an unknown value
R10=0x00000000c14d2bf8 is an oop: [Lorg.eclipse.jdt.internal.compiler.classfmt.ModuleInfo$PackageExportInfo; 
{0x00000000c14d2bf8} - klass: 'org/eclipse/jdt/internal/compiler/classfmt/ModuleInfo$PackageExportInfo'[]
 - length: 0
R11=0x0000000000000029 is an unknown value
R12=0x0 is NULL
R13=0x0000001c2eeff5f0 points into unknown readable memory: 0x00007ffd4f2ecd50 | 50 cd 2e 4f fd 7f 00 00
R14=0x0000000100524118 is a pointer to class: 
org.eclipse.jdt.internal.compiler.env.IModule$IPackageExport {0x0000000100524120}
 - instance size:     2
 - klass size:        63
 - access:            public interface abstract 
 - state:             fully_initialized
 - name:              'org/eclipse/jdt/internal/compiler/env/IModule$IPackageExport'
 - super:             'java/lang/Object'
 - sub:               
 - nof implementors:  1
 - implementor:    
   'org/eclipse/jdt/internal/compiler/classfmt/ModuleInfo$PackageExportInfo'
 - arrays:            'org/eclipse/jdt/internal/compiler/env/IModule$IPackageExport'[]
 - methods:           Array<T>(0x000001b82d0c4f58)
 - method ordering:   Array<T>(0x000001b824400018)
 - default_methods:   Array<T>(0x0000000000000000)
 - local interfaces:  Array<T>(0x000001b824400058)
 - trans. interfaces: Array<T>(0x000001b824400058)
 - constants:         constant pool [28] {0x000001b82d0c4e00} for 'org/eclipse/jdt/internal/compiler/env/IModule$IPackageExport' cache=0x000001b82d0c7170
 - class loader data:  loader data: 0x000001b825bbb900 for instance a 'org/eclipse/osgi/internal/loader/EquinoxClassLoader'{0x00000000c042c4b0}
 - source file:       'IModule.java'
 - class annotations:       Array<T>(0x0000000000000000)
 - class type annotations:  Array<T>(0x0000000000000000)
 - field annotations:       Array<T>(0x0000000000000000)
 - field type annotations:  Array<T>(0x0000000000000000)
 - inner classes:     Array<T>(0x000001b82d0c5158)
 - nest members:     Array<T>(0x000001b824400028)
 - permitted subclasses:     Array<T>(0x000001b824400028)
 - java mirror:       a 'java/lang/Class'{0x00000000c101b4f0} = 'org/eclipse/jdt/internal/compiler/env/IModule$IPackageExport'
 - vtable length      5  (start addr: 0x00000001005242e0)
 - itable length      0 (start addr: 0x0000000100524308)
 - ---- static fields (0 words):
 - ---- non-static fields (0 words):
 - non-static oop maps: 
R15=0x00000000c14d2808 is an oop: org.eclipse.jdt.internal.compiler.classfmt.ModuleInfo 
{0x00000000c14d2808} - klass: 'org/eclipse/jdt/internal/compiler/classfmt/ModuleInfo'
 - ---- fields (total size 11 words):
 - 'structOffset' 'I' @12  0
 - 'reference' '[B' @16  [B{0x00000000c14d2860} (c14d2860)
 - 'constantPoolOffsets' '[I' @20  [I{0x00000000c14d2a10} (c14d2a10)
 - private 'tagBits' 'J' @24  0 (0 0)
 - protected 'flags' 'I' @32  0
 - protected 'requiresCount' 'I' @36  2
 - protected 'exportsCount' 'I' @40  1
 - protected 'usesCount' 'I' @44  0
 - protected 'providesCount' 'I' @48  1
 - protected 'opensCount' 'I' @52  0
 - protected 'name' '[C' @56  [C{0x00000000c14d2a80} (c14d2a80)
 - protected 'version' '[C' @60  [C{0x00000000c14d2ac0} (c14d2ac0)
 - protected 'requires' '[Lorg/eclipse/jdt/internal/compiler/classfmt/ModuleInfo$ModuleReferenceInfo;' @64  a 'org/eclipse/jdt/internal/compiler/classfmt/ModuleInfo$ModuleReferenceInfo'[2] {0x00000000c14d2ae0} (c14d2ae0)
 - protected 'exports' '[Lorg/eclipse/jdt/internal/compiler/classfmt/ModuleInfo$PackageExportInfo;' @68  a 'org/eclipse/jdt/internal/compiler/classfmt/ModuleInfo$PackageExportInfo'[1] {0x00000000c14d2b88} (c14d2b88)
 - protected 'opens' '[Lorg/eclipse/jdt/internal/compiler/classfmt/ModuleInfo$PackageExportInfo;' @72  a 'org/eclipse/jdt/internal/compiler/classfmt/ModuleInfo$PackageExportInfo'[0] {0x00000000c14d2bf8} (c14d2bf8)
 - 'uses' '[[C' @76  
[error occurred during error reporting (printing register info), id 0xc0000005, EXCEPTION_ACCESS_VIOLATION (0xc0000005) at pc=0x00007ffd4eccfb9e]

Registers:
RAX=0x0000000000000001, RBX=0x00000000e14d2c08, RCX=0x00000000e14d2c08, RDX=0x00000000e14d2c08
RSP=0x0000001c2eeff378, RBP=0x0000001c2eeff480, RSI=0x00000000c14d2860, RDI=0x000001b823f864d0
R8 =0x000001b821e80000, R9 =0x000000000010a696, R10=0x00000000c14d2bf8, R11=0x0000000000000029
R12=0x0000000000000000, R13=0x0000001c2eeff5f0, R14=0x0000000100524118, R15=0x00000000c14d2808
RIP=0x00007ffd4e94c8ce, EFLAGS=0x0000000000010202

Top of Stack: (sp=0x0000001c2eeff378)
0x0000001c2eeff378:   00007ffd4efe9d72 00000000c14d2bf8
0x0000001c2eeff388:   0000000000000002 0000001c2eeff480
0x0000001c2eeff398:   00007ffd4efe8bb9 000001b823f864d0
0x0000001c2eeff3a8:   00007ffd4efe7652 00000000e14d2c08
0x0000001c2eeff3b8:   00000000c097fe14 00000000c0abd638
0x0000001c2eeff3c8:   00007ffd4efe88ff 0000000100524110
0x0000001c2eeff3d8:   00007ffd4efe7ece 00000000c14d2854
0x0000001c2eeff3e8:   00007ffd4efe942e 00000000c14cc690
0x0000001c2eeff3f8:   00000000c14cc688 00007ffd4f450730
0x0000001c2eeff408:   00007ffd4f257850 0000000000001025
0x0000001c2eeff418:   00007ffd4efe9769 00007ffd4f2ec358
0x0000001c2eeff428:   000001b823f864d0 0000001c2eeff489
0x0000001c2eeff438:   0000000000001025 0000000000000000
0x0000001c2eeff448:   0000000000000000 0000000000000000
0x0000001c2eeff458:   0000000000000000 0000000000000000
0x0000001c2eeff468:   0000000000000000 000001b823ff1cd0 

Instructions: (pc=0x00007ffd4e94c8ce)
0x00007ffd4e94c7ce:   8a 90 09 00 00 48 8b d7 e8 75 96 6f 00 48 8b 7c
0x00007ffd4e94c7de:   24 30 48 8b c3 48 8b 5c 24 38 48 83 c4 20 5e c3
0x00007ffd4e94c7ee:   cc cc 48 8b 01 c3 cc cc cc cc cc cc cc cc cc cc
0x00007ffd4e94c7fe:   cc cc 4c 8b 01 4c 8b c9 48 8b 0d 83 a3 b4 00 ba
0x00007ffd4e94c80e:   44 60 08 00 e9 59 f2 ff ff cc cc cc cc cc cc cc
0x00007ffd4e94c81e:   cc cc 48 89 5c 24 08 57 48 83 ec 20 48 8b 39 48
0x00007ffd4e94c82e:   8b d9 48 85 3d 31 81 b9 00 75 0e 48 8b c7 48 8b
0x00007ffd4e94c83e:   5c 24 30 48 83 c4 20 5f c3 48 8b cf e8 b1 5a 85
0x00007ffd4e94c84e:   00 48 8b d0 48 85 c0 74 20 48 8b c7 f0 48 0f b1
0x00007ffd4e94c85e:   13 74 16 48 85 05 00 81 b9 00 74 0d 48 8b c8 f0
0x00007ffd4e94c86e:   48 0f b1 13 48 3b c1 75 ea 48 8b 5c 24 30 48 8b
0x00007ffd4e94c87e:   c2 48 83 c4 20 5f c3 cc cc cc cc cc cc cc cc cc
0x00007ffd4e94c88e:   cc cc 4c 8b 01 4c 8b c9 48 8b 0d f3 a2 b4 00 ba
0x00007ffd4e94c89e:   64 60 08 00 e9 c9 f1 ff ff cc cc cc cc cc cc cc
0x00007ffd4e94c8ae:   cc cc 8b 05 32 ea ae 00 c3 cc cc cc cc cc cc cc
0x00007ffd4e94c8be:   cc cc 0f b6 05 38 ab b5 00 48 8b d1 84 c0 74 16
0x00007ffd4e94c8ce:   44 8b 41 08 8b 0d 10 ea ae 00 49 d3 e0 4c 03 05
0x00007ffd4e94c8de:   fe e9 ae 00 eb 04 4c 8b 41 08 45 8b 50 08 45 85
0x00007ffd4e94c8ee:   d2 7e 0e 41 f6 c2 01 75 53 41 c1 fa 03 41 8b c2
0x00007ffd4e94c8fe:   c3 79 49 84 c0 b9 10 00 00 00 8b 05 16 f9 ae 00
0x00007ffd4e94c90e:   41 b8 0c 00 00 00 41 0f 45 c8 ff c8 4c 63 c8 48
0x00007ffd4e94c91e:   63 14 11 41 8b ca 83 e1 3f 48 d3 e2 41 8b ca 48
0x00007ffd4e94c92e:   c1 f9 10 0f b6 c1 49 8d 0c 11 49 f7 d1 48 03 c1
0x00007ffd4e94c93e:   49 c1 e9 03 48 c1 e8 03 41 23 c1 c3 49 8b 00 49
0x00007ffd4e94c94e:   8b c8 48 ff a0 00 01 00 00 cc cc cc cc cc cc cc
0x00007ffd4e94c95e:   cc cc 8b 44 24 30 45 03 c9 44 2b 4c 24 28 83 c0
0x00007ffd4e94c96e:   0b 44 03 ca 45 03 c8 41 03 c1 c3 cc cc cc cc cc
0x00007ffd4e94c97e:   cc cc 4c 8b ca 48 8b d1 45 8b 41 08 45 85 c0 7e
0x00007ffd4e94c98e:   0e 41 f6 c0 01 75 56 41 c1 f8 03 41 8b c0 c3 79
0x00007ffd4e94c99e:   4c 80 3d 59 aa b5 00 00 b8 0c 00 00 00 b9 10 00
0x00007ffd4e94c9ae:   00 00 0f 45 c8 8b 05 6b f8 ae 00 ff c8 4c 63 c8
0x00007ffd4e94c9be:   48 63 14 11 41 8b c8 83 e1 3f 48 d3 e2 41 8b c8 


Stack slot to memory mapping:
stack at sp + 0 slots: 0x00007ffd4efe9d72 jvm.dll
stack at sp + 1 slots: 0x00000000c14d2bf8 is an oop: [Lorg.eclipse.jdt.internal.compiler.classfmt.ModuleInfo$PackageExportInfo; 
{0x00000000c14d2bf8} - klass: 'org/eclipse/jdt/internal/compiler/classfmt/ModuleInfo$PackageExportInfo'[]
 - length: 0
stack at sp + 2 slots: 0x0000000000000002 is an unknown value
stack at sp + 3 slots: 0x0000001c2eeff480 points into unknown readable memory: 0x00007ffd4f2ec358 | 58 c3 2e 4f fd 7f 00 00
stack at sp + 4 slots: 0x00007ffd4efe8bb9 jvm.dll
stack at sp + 5 slots: 0x000001b823f864d0 points into unknown readable memory: 0x000001b80e0e0150 | 50 01 0e 0e b8 01 00 00
stack at sp + 6 slots: 0x00007ffd4efe7652 jvm.dll
stack at sp + 7 slots: 0x00000000e14d2c08 is an unallocated location in the heap


---------------  P R O C E S S  ---------------

Threads class SMR info:
_java_thread_list=0x000001b828d890c0, length=30, elements={
0x000001b8101e60e0, 0x000001b823fefe90, 0x000001b823ff1cd0, 0x000001b82402ff20,
0x000001b8240307e0, 0x000001b824032120, 0x000001b824034cb0, 0x000001b824036e10,
0x000001b82403cbb0, 0x000001b82403d4b0, 0x000001b825abc4b0, 0x000001b825c86da0,
0x000001b825fa4a90, 0x000001b8264772a0, 0x000001b826310290, 0x000001b826502820,
0x000001b827032540, 0x000001b827033880, 0x000001b827032ee0, 0x000001b827035560,
0x000001b827035a30, 0x000001b827033d50, 0x000001b827032070, 0x000001b827035090,
0x000001b8270346f0, 0x000001b827034bc0, 0x000001b827032a10, 0x000001b825e81630,
0x000001b825e84ff0, 0x000001b82a6c8ed0
}

Java Threads: ( => current thread )
  0x000001b8101e60e0 JavaThread "main" [_thread_blocked, id=2372, stack(0x0000001c2da00000,0x0000001c2db00000)]
  0x000001b823fefe90 JavaThread "Reference Handler" daemon [_thread_blocked, id=4856, stack(0x0000001c2dd00000,0x0000001c2de00000)]
  0x000001b823ff1cd0 JavaThread "Finalizer" daemon [_thread_blocked, id=876, stack(0x0000001c2de00000,0x0000001c2df00000)]
  0x000001b82402ff20 JavaThread "Signal Dispatcher" daemon [_thread_blocked, id=9124, stack(0x0000001c2df00000,0x0000001c2e000000)]
  0x000001b8240307e0 JavaThread "Attach Listener" daemon [_thread_blocked, id=10396, stack(0x0000001c2e000000,0x0000001c2e100000)]
  0x000001b824032120 JavaThread "Service Thread" daemon [_thread_blocked, id=2812, stack(0x0000001c2e100000,0x0000001c2e200000)]
  0x000001b824034cb0 JavaThread "Monitor Deflation Thread" daemon [_thread_blocked, id=1096, stack(0x0000001c2e200000,0x0000001c2e300000)]
  0x000001b824036e10 JavaThread "C2 CompilerThread0" daemon [_thread_blocked, id=10956, stack(0x0000001c2e300000,0x0000001c2e400000)]
  0x000001b82403cbb0 JavaThread "C1 CompilerThread0" daemon [_thread_blocked, id=1772, stack(0x0000001c2e400000,0x0000001c2e500000)]
  0x000001b82403d4b0 JavaThread "Sweeper thread" daemon [_thread_blocked, id=10008, stack(0x0000001c2e500000,0x0000001c2e600000)]
  0x000001b825abc4b0 JavaThread "Common-Cleaner" daemon [_thread_blocked, id=8148, stack(0x0000001c2e600000,0x0000001c2e700000)]
  0x000001b825c86da0 JavaThread "Notification Thread" daemon [_thread_blocked, id=1304, stack(0x0000001c2e700000,0x0000001c2e800000)]
  0x000001b825fa4a90 JavaThread "Active Thread: Equinox Container: d25d2eca-2174-4042-9dc0-bf9f852b0140" [_thread_blocked, id=4780, stack(0x0000001c2ef00000,0x0000001c2f000000)]
  0x000001b8264772a0 JavaThread "Framework Event Dispatcher: Equinox Container: d25d2eca-2174-4042-9dc0-bf9f852b0140" daemon [_thread_blocked, id=8492, stack(0x0000001c2f000000,0x0000001c2f100000)]
  0x000001b826310290 JavaThread "Start Level: Equinox Container: d25d2eca-2174-4042-9dc0-bf9f852b0140" daemon [_thread_blocked, id=7004, stack(0x0000001c2f100000,0x0000001c2f200000)]
  0x000001b826502820 JavaThread "SCR Component Actor" daemon [_thread_blocked, id=8244, stack(0x0000001c2f200000,0x0000001c2f300000)]
  0x000001b827032540 JavaThread "Bundle File Closer" daemon [_thread_blocked, id=3668, stack(0x0000001c2f400000,0x0000001c2f500000)]
  0x000001b827033880 JavaThread "Worker-JM" [_thread_blocked, id=5732, stack(0x0000001c2f500000,0x0000001c2f600000)]
  0x000001b827032ee0 JavaThread "Worker-0" [_thread_blocked, id=8976, stack(0x0000001c2f600000,0x0000001c2f700000)]
  0x000001b827035560 JavaThread "Worker-1" [_thread_blocked, id=8884, stack(0x0000001c2f700000,0x0000001c2f800000)]
  0x000001b827035a30 JavaThread "Worker-2" [_thread_blocked, id=8524, stack(0x0000001c2f800000,0x0000001c2f900000)]
  0x000001b827033d50 JavaThread "Worker-3" [_thread_blocked, id=1776, stack(0x0000001c2fb00000,0x0000001c2fc00000)]
  0x000001b827032070 JavaThread "Java indexing" daemon [_thread_blocked, id=7848, stack(0x0000001c2fd00000,0x0000001c2fe00000)]
  0x000001b827035090 JavaThread "JNA Cleaner" daemon [_thread_blocked, id=7716, stack(0x0000001c30100000,0x0000001c30200000)]
  0x000001b8270346f0 JavaThread "pool-2-thread-1" [_thread_blocked, id=9800, stack(0x0000001c30300000,0x0000001c30400000)]
  0x000001b827034bc0 JavaThread "pool-1-thread-1" [_thread_in_native, id=4676, stack(0x0000001c30400000,0x0000001c30500000)]
  0x000001b827032a10 JavaThread "ForkJoinPool.commonPool-worker-1" daemon [_thread_blocked, id=5168, stack(0x0000001c30b00000,0x0000001c30c00000)]
  0x000001b825e81630 JavaThread "ForkJoinPool.commonPool-worker-2" daemon [_thread_blocked, id=2636, stack(0x0000001c30f00000,0x0000001c31000000)]
  0x000001b825e84ff0 JavaThread "ForkJoinPool.commonPool-worker-3" daemon [_thread_blocked, id=6044, stack(0x0000001c31000000,0x0000001c31100000)]
  0x000001b82a6c8ed0 JavaThread "C2 CompilerThread1" daemon [_thread_blocked, id=2132, stack(0x0000001c31100000,0x0000001c31200000)]

Other Threads:
  0x000001b80e1deb80 VMThread "VM Thread" [stack: 0x0000001c2dc00000,0x0000001c2dd00000] [id=6320]
  0x000001b825c87270 WatcherThread [stack: 0x0000001c2e800000,0x0000001c2e900000] [id=6872]
  0x000001b8101fb330 GCTaskThread "GC Thread#0" [stack: 0x0000001c2db00000,0x0000001c2dc00000] [id=4432]
  0x000001b826113330 GCTaskThread "GC Thread#1" [stack: 0x0000001c2ec00000,0x0000001c2ed00000] [id=4108]
  0x000001b827133e70 GCTaskThread "GC Thread#2" [stack: 0x0000001c2ed00000,0x0000001c2ee00000] [id=276]
=>0x000001b827134120 GCTaskThread "GC Thread#3" [stack: 0x0000001c2ee00000,0x0000001c2ef00000] [id=9152]

Threads with active compile tasks:
C2 CompilerThread0    44915 6399 %     4       org.eclipse.jdt.core.compiler.CharOperation::splitOn @ 74 (159 bytes)
C1 CompilerThread0    44915 6397       3       org.eclipse.jdt.internal.compiler.lookup.BinaryTypeBinding::createMethod (1719 bytes)

VM state: at safepoint (normal execution)

VM Mutex/Monitor currently owned by a thread:  ([mutex/lock_event])
[0x000001b8101e2210] Threads_lock - owner thread: 0x000001b80e1deb80
[0x000001b8101e4180] Heap_lock - owner thread: 0x000001b825e84ff0

Heap address: 0x00000000c0000000, size: 1024 MB, Compressed Oops mode: 32-bit

CDS archive(s) not mapped
Compressed class space mapped at: 0x0000000100000000-0x0000000140000000, reserved size: 1073741824
Narrow klass base: 0x0000000000000000, Narrow klass shift: 3, Narrow klass range: 0x140000000

GC Precious Log:
 CPUs: 4 total, 4 available
 Memory: 7087M
 Large Page Support: Disabled
 NUMA Support: Disabled
 Compressed Oops: Enabled (32-bit)
 Alignments: Space 512K, Generation 512K, Heap 2M
 Heap Min Capacity: 100M
 Heap Initial Capacity: 100M
 Heap Max Capacity: 1G
 Pre-touch: Disabled
 Parallel Workers: 4

Heap:
 PSYoungGen      total 23040K, used 982K [0x00000000eab00000, 0x00000000ec380000, 0x0000000100000000)
  eden space 22016K, 0% used [0x00000000eab00000,0x00000000eab00000,0x00000000ec080000)
  from space 1024K, 95% used [0x00000000ec080000,0x00000000ec1758f8,0x00000000ec180000)
  to   space 1536K, 0% used [0x00000000ec200000,0x00000000ec200000,0x00000000ec380000)
 ParOldGen       total 68608K, used 33801K [0x00000000c0000000, 0x00000000c4300000, 0x00000000eab00000)
  object space 68608K, 49% used [0x00000000c0000000,0x00000000c2102658,0x00000000c4300000)
 Metaspace       used 58729K, committed 59776K, reserved 1105920K
  class space    used 6215K, committed 6656K, reserved 1048576K

Card table byte_map: [0x000001b80fbc0000,0x000001b80fdd0000] _byte_map_base: 0x000001b80f5c0000

Marking Bits: (ParMarkBitMap*) 0x00007ffd4f4c0dd0
 Begin Bits: [0x000001b821e80000, 0x000001b822e80000)
 End Bits:   [0x000001b822e80000, 0x000001b823e80000)

Polling page: 0x000001b80e0d0000

Metaspace:

Usage:
  Non-class:     51.28 MB used.
      Class:      6.07 MB used.
       Both:     57.35 MB used.

Virtual space:
  Non-class space:       56.00 MB reserved,      51.88 MB ( 93%) committed,  7 nodes.
      Class space:        1.00 GB reserved,       6.50 MB ( <1%) committed,  1 nodes.
             Both:        1.05 GB reserved,      58.38 MB (  5%) committed. 

Chunk freelists:
   Non-Class:  3.39 MB
       Class:  1.56 MB
        Both:  4.95 MB

MaxMetaspaceSize: unlimited
CompressedClassSpaceSize: 1.00 GB
Initial GC threshold: 21.00 MB
Current GC threshold: 58.38 MB
CDS: off
MetaspaceReclaimPolicy: balanced
 - commit_granule_bytes: 65536.
 - commit_granule_words: 8192.
 - virtual_space_node_default_size: 1048576.
 - enlarge_chunks_in_place: 1.
 - new_chunks_are_fully_committed: 0.
 - uncommit_free_chunks: 1.
 - use_allocation_guard: 0.
 - handle_deallocations: 1.


Internal statistics:

num_allocs_failed_limit: 9.
num_arena_births: 404.
num_arena_deaths: 14.
num_vsnodes_births: 8.
num_vsnodes_deaths: 0.
num_space_committed: 934.
num_space_uncommitted: 0.
num_chunks_returned_to_freelist: 23.
num_chunks_taken_from_freelist: 2570.
num_chunk_merges: 13.
num_chunk_splits: 1691.
num_chunks_enlarged: 1110.
num_purges: 2.
num_inconsistent_stats: 0.

CodeHeap 'non-profiled nmethods': size=120000Kb used=3291Kb max_used=3291Kb free=116708Kb
 bounds [0x000001b81a950000, 0x000001b81ac90000, 0x000001b821e80000]
CodeHeap 'profiled nmethods': size=120000Kb used=12503Kb max_used=12503Kb free=107496Kb
 bounds [0x000001b813420000, 0x000001b814060000, 0x000001b81a950000]
CodeHeap 'non-nmethods': size=5760Kb used=1317Kb max_used=1394Kb free=4442Kb
 bounds [0x000001b812e80000, 0x000001b8130f0000, 0x000001b813420000]
 total_blobs=6274 nmethods=5614 adapters=575
 compilation: enabled
              stopped_count=0, restarted_count=0
 full_count=0

Compilation events (20 events):
Event: 44.796 Thread 0x000001b82403cbb0 6389       3       org.eclipse.jdt.internal.core.ClasspathEntry::getExtraAttribute (54 bytes)
Event: 44.796 Thread 0x000001b82403cbb0 nmethod 6389 0x000001b814053490 code [0x000001b814053660, 0x000001b814053a28]
Event: 44.797 Thread 0x000001b82403cbb0 6390       3       org.eclipse.jdt.internal.core.JavaElementRequestor::acceptPackageFragment (28 bytes)
Event: 44.798 Thread 0x000001b82403cbb0 nmethod 6390 0x000001b814053c90 code [0x000001b814053e80, 0x000001b814054588]
Event: 44.800 Thread 0x000001b824036e10 nmethod 6387 0x000001b81ac83010 code [0x000001b81ac831e0, 0x000001b81ac83528]
Event: 44.802 Thread 0x000001b82403cbb0 6391       3       org.eclipse.jdt.internal.compiler.lookup.ReferenceBinding::compare (53 bytes)
Event: 44.803 Thread 0x000001b82403cbb0 nmethod 6391 0x000001b814054890 code [0x000001b814054a40, 0x000001b814054d78]
Event: 44.803 Thread 0x000001b82403cbb0 6392       3       org.eclipse.jdt.internal.compiler.codegen.ConstantPool::literalIndex (392 bytes)
Event: 44.806 Thread 0x000001b82403cbb0 nmethod 6392 0x000001b814054f10 code [0x000001b8140552e0, 0x000001b814057048]
Event: 44.808 Thread 0x000001b82403cbb0 6393       3       org.eclipse.osgi.internal.container.InternalUtils::asList (2 bytes)
Event: 44.809 Thread 0x000001b82403cbb0 nmethod 6393 0x000001b813639810 code [0x000001b8136399a0, 0x000001b813639a98]
Event: 44.809 Thread 0x000001b82403cbb0 6394       3       org.eclipse.jdt.core.dom.ASTNode::setFlags (28 bytes)
Event: 44.810 Thread 0x000001b82403cbb0 nmethod 6394 0x000001b814057c90 code [0x000001b814057e40, 0x000001b814057fa8]
Event: 44.811 Thread 0x000001b82403cbb0 6395       3       org.eclipse.jdt.core.dom.ASTVisitor::preVisit (1 bytes)
Event: 44.811 Thread 0x000001b82403cbb0 nmethod 6395 0x000001b814058090 code [0x000001b814058220, 0x000001b814058338]
Event: 44.816 Thread 0x000001b82403cbb0 6396       1       org.eclipse.jdt.core.WorkingCopyOwner::findSource (2 bytes)
Event: 44.816 Thread 0x000001b82403cbb0 nmethod 6396 0x000001b81ac83910 code [0x000001b81ac83aa0, 0x000001b81ac83b78]
Event: 44.817 Thread 0x000001b82403cbb0 6397       3       org.eclipse.jdt.internal.compiler.lookup.BinaryTypeBinding::createMethod (1719 bytes)
Event: 44.819 Thread 0x000001b824036e10 6399 %     4       org.eclipse.jdt.core.compiler.CharOperation::splitOn @ 74 (159 bytes)
Event: 44.831 Thread 0x000001b82a6c8ed0 nmethod 6247 0x000001b81ac83c10 code [0x000001b81ac83ec0, 0x000001b81ac85a08]

GC Heap History (20 events):
Event: 34.357 GC heap after
{Heap after GC invocations=18 (full 2):
 PSYoungGen      total 24576K, used 2368K [0x00000000eab00000, 0x00000000ec800000, 0x0000000100000000)
  eden space 22016K, 0% used [0x00000000eab00000,0x00000000eab00000,0x00000000ec080000)
  from space 2560K, 92% used [0x00000000ec580000,0x00000000ec7d0000,0x00000000ec800000)
  to   space 3584K, 0% used [0x00000000ec100000,0x00000000ec100000,0x00000000ec480000)
 ParOldGen       total 68608K, used 23076K [0x00000000c0000000, 0x00000000c4300000, 0x00000000eab00000)
  object space 68608K, 33% used [0x00000000c0000000,0x00000000c1689328,0x00000000c4300000)
 Metaspace       used 46204K, committed 47040K, reserved 1097728K
  class space    used 4955K, committed 5312K, reserved 1048576K
}
Event: 34.742 GC heap before
{Heap before GC invocations=19 (full 2):
 PSYoungGen      total 24576K, used 24384K [0x00000000eab00000, 0x00000000ec800000, 0x0000000100000000)
  eden space 22016K, 100% used [0x00000000eab00000,0x00000000ec080000,0x00000000ec080000)
  from space 2560K, 92% used [0x00000000ec580000,0x00000000ec7d0000,0x00000000ec800000)
  to   space 3584K, 0% used [0x00000000ec100000,0x00000000ec100000,0x00000000ec480000)
 ParOldGen       total 68608K, used 23076K [0x00000000c0000000, 0x00000000c4300000, 0x00000000eab00000)
  object space 68608K, 33% used [0x00000000c0000000,0x00000000c1689328,0x00000000c4300000)
 Metaspace       used 46213K, committed 47040K, reserved 1097728K
  class space    used 4955K, committed 5312K, reserved 1048576K
}
Event: 34.754 GC heap after
{Heap after GC invocations=19 (full 2):
 PSYoungGen      total 25088K, used 2656K [0x00000000eab00000, 0x00000000ec680000, 0x0000000100000000)
  eden space 22016K, 0% used [0x00000000eab00000,0x00000000eab00000,0x00000000ec080000)
  from space 3072K, 86% used [0x00000000ec100000,0x00000000ec398010,0x00000000ec400000)
  to   space 2560K, 0% used [0x00000000ec400000,0x00000000ec400000,0x00000000ec680000)
 ParOldGen       total 68608K, used 25404K [0x00000000c0000000, 0x00000000c4300000, 0x00000000eab00000)
  object space 68608K, 37% used [0x00000000c0000000,0x00000000c18cf328,0x00000000c4300000)
 Metaspace       used 46213K, committed 47040K, reserved 1097728K
  class space    used 4955K, committed 5312K, reserved 1048576K
}
Event: 35.633 GC heap before
{Heap before GC invocations=20 (full 2):
 PSYoungGen      total 25088K, used 24672K [0x00000000eab00000, 0x00000000ec680000, 0x0000000100000000)
  eden space 22016K, 100% used [0x00000000eab00000,0x00000000ec080000,0x00000000ec080000)
  from space 3072K, 86% used [0x00000000ec100000,0x00000000ec398010,0x00000000ec400000)
  to   space 2560K, 0% used [0x00000000ec400000,0x00000000ec400000,0x00000000ec680000)
 ParOldGen       total 68608K, used 25404K [0x00000000c0000000, 0x00000000c4300000, 0x00000000eab00000)
  object space 68608K, 37% used [0x00000000c0000000,0x00000000c18cf328,0x00000000c4300000)
 Metaspace       used 47246K, committed 48064K, reserved 1097728K
  class space    used 5032K, committed 5376K, reserved 1048576K
}
Event: 35.644 GC heap after
{Heap after GC invocations=20 (full 2):
 PSYoungGen      total 24576K, used 2288K [0x00000000eab00000, 0x00000000ec680000, 0x0000000100000000)
  eden space 22016K, 0% used [0x00000000eab00000,0x00000000eab00000,0x00000000ec080000)
  from space 2560K, 89% used [0x00000000ec400000,0x00000000ec63c2b0,0x00000000ec680000)
  to   space 2560K, 0% used [0x00000000ec180000,0x00000000ec180000,0x00000000ec400000)
 ParOldGen       total 68608K, used 28028K [0x00000000c0000000, 0x00000000c4300000, 0x00000000eab00000)
  object space 68608K, 40% used [0x00000000c0000000,0x00000000c1b5f338,0x00000000c4300000)
 Metaspace       used 47246K, committed 48064K, reserved 1097728K
  class space    used 5032K, committed 5376K, reserved 1048576K
}
Event: 36.900 GC heap before
{Heap before GC invocations=21 (full 2):
 PSYoungGen      total 24576K, used 24291K [0x00000000eab00000, 0x00000000ec680000, 0x0000000100000000)
  eden space 22016K, 99% used [0x00000000eab00000,0x00000000ec07cb80,0x00000000ec080000)
  from space 2560K, 89% used [0x00000000ec400000,0x00000000ec63c2b0,0x00000000ec680000)
  to   space 2560K, 0% used [0x00000000ec180000,0x00000000ec180000,0x00000000ec400000)
 ParOldGen       total 68608K, used 28028K [0x00000000c0000000, 0x00000000c4300000, 0x00000000eab00000)
  object space 68608K, 40% used [0x00000000c0000000,0x00000000c1b5f338,0x00000000c4300000)
 Metaspace       used 49159K, committed 49920K, reserved 1097728K
  class space    used 5272K, committed 5568K, reserved 1048576K
}
Event: 36.907 GC heap after
{Heap after GC invocations=21 (full 2):
 PSYoungGen      total 23040K, used 662K [0x00000000eab00000, 0x00000000ec480000, 0x0000000100000000)
  eden space 22016K, 0% used [0x00000000eab00000,0x00000000eab00000,0x00000000ec080000)
  from space 1024K, 64% used [0x00000000ec180000,0x00000000ec225a20,0x00000000ec280000)
  to   space 1536K, 0% used [0x00000000ec300000,0x00000000ec300000,0x00000000ec480000)
 ParOldGen       total 68608K, used 30263K [0x00000000c0000000, 0x00000000c4300000, 0x00000000eab00000)
  object space 68608K, 44% used [0x00000000c0000000,0x00000000c1d8df10,0x00000000c4300000)
 Metaspace       used 49159K, committed 49920K, reserved 1097728K
  class space    used 5272K, committed 5568K, reserved 1048576K
}
Event: 37.795 GC heap before
{Heap before GC invocations=22 (full 2):
 PSYoungGen      total 23040K, used 22678K [0x00000000eab00000, 0x00000000ec480000, 0x0000000100000000)
  eden space 22016K, 100% used [0x00000000eab00000,0x00000000ec080000,0x00000000ec080000)
  from space 1024K, 64% used [0x00000000ec180000,0x00000000ec225a20,0x00000000ec280000)
  to   space 1536K, 0% used [0x00000000ec300000,0x00000000ec300000,0x00000000ec480000)
 ParOldGen       total 68608K, used 30263K [0x00000000c0000000, 0x00000000c4300000, 0x00000000eab00000)
  object space 68608K, 44% used [0x00000000c0000000,0x00000000c1d8df10,0x00000000c4300000)
 Metaspace       used 50008K, committed 50816K, reserved 1097728K
  class space    used 5347K, committed 5696K, reserved 1048576K
}
Event: 37.801 GC heap after
{Heap after GC invocations=22 (full 2):
 PSYoungGen      total 23552K, used 1417K [0x00000000eab00000, 0x00000000ec480000, 0x0000000100000000)
  eden space 22016K, 0% used [0x00000000eab00000,0x00000000eab00000,0x00000000ec080000)
  from space 1536K, 92% used [0x00000000ec300000,0x00000000ec4624d0,0x00000000ec480000)
  to   space 2048K, 0% used [0x00000000ec080000,0x00000000ec080000,0x00000000ec280000)
 ParOldGen       total 68608K, used 30881K [0x00000000c0000000, 0x00000000c4300000, 0x00000000eab00000)
  object space 68608K, 45% used [0x00000000c0000000,0x00000000c1e28418,0x00000000c4300000)
 Metaspace       used 50008K, committed 50816K, reserved 1097728K
  class space    used 5347K, committed 5696K, reserved 1048576K
}
Event: 38.595 GC heap before
{Heap before GC invocations=23 (full 2):
 PSYoungGen      total 23552K, used 23433K [0x00000000eab00000, 0x00000000ec480000, 0x0000000100000000)
  eden space 22016K, 100% used [0x00000000eab00000,0x00000000ec080000,0x00000000ec080000)
  from space 1536K, 92% used [0x00000000ec300000,0x00000000ec4624d0,0x00000000ec480000)
  to   space 2048K, 0% used [0x00000000ec080000,0x00000000ec080000,0x00000000ec280000)
 ParOldGen       total 68608K, used 30881K [0x00000000c0000000, 0x00000000c4300000, 0x00000000eab00000)
  object space 68608K, 45% used [0x00000000c0000000,0x00000000c1e28418,0x00000000c4300000)
 Metaspace       used 50257K, committed 51008K, reserved 1097728K
  class space    used 5360K, committed 5696K, reserved 1048576K
}
Event: 38.596 GC heap after
{Heap after GC invocations=23 (full 2):
 PSYoungGen      total 24064K, used 128K [0x00000000eab00000, 0x00000000ec380000, 0x0000000100000000)
  eden space 22016K, 0% used [0x00000000eab00000,0x00000000eab00000,0x00000000ec080000)
  from space 2048K, 6% used [0x00000000ec080000,0x00000000ec0a0000,0x00000000ec280000)
  to   space 1024K, 0% used [0x00000000ec280000,0x00000000ec280000,0x00000000ec380000)
 ParOldGen       total 68608K, used 31033K [0x00000000c0000000, 0x00000000c4300000, 0x00000000eab00000)
  object space 68608K, 45% used [0x00000000c0000000,0x00000000c1e4e418,0x00000000c4300000)
 Metaspace       used 50257K, committed 51008K, reserved 1097728K
  class space    used 5360K, committed 5696K, reserved 1048576K
}
Event: 40.949 GC heap before
{Heap before GC invocations=24 (full 2):
 PSYoungGen      total 24064K, used 22144K [0x00000000eab00000, 0x00000000ec380000, 0x0000000100000000)
  eden space 22016K, 100% used [0x00000000eab00000,0x00000000ec080000,0x00000000ec080000)
  from space 2048K, 6% used [0x00000000ec080000,0x00000000ec0a0000,0x00000000ec280000)
  to   space 1024K, 0% used [0x00000000ec280000,0x00000000ec280000,0x00000000ec380000)
 ParOldGen       total 68608K, used 31033K [0x00000000c0000000, 0x00000000c4300000, 0x00000000eab00000)
  object space 68608K, 45% used [0x00000000c0000000,0x00000000c1e4e418,0x00000000c4300000)
 Metaspace       used 51836K, committed 52608K, reserved 1097728K
  class space    used 5526K, committed 5824K, reserved 1048576K
}
Event: 40.952 GC heap after
{Heap after GC invocations=24 (full 2):
 PSYoungGen      total 23040K, used 633K [0x00000000eab00000, 0x00000000ec380000, 0x0000000100000000)
  eden space 22016K, 0% used [0x00000000eab00000,0x00000000eab00000,0x00000000ec080000)
  from space 1024K, 61% used [0x00000000ec280000,0x00000000ec31e470,0x00000000ec380000)
  to   space 1024K, 0% used [0x00000000ec180000,0x00000000ec180000,0x00000000ec280000)
 ParOldGen       total 68608K, used 31057K [0x00000000c0000000, 0x00000000c4300000, 0x00000000eab00000)
  object space 68608K, 45% used [0x00000000c0000000,0x00000000c1e54418,0x00000000c4300000)
 Metaspace       used 51836K, committed 52608K, reserved 1097728K
  class space    used 5526K, committed 5824K, reserved 1048576K
}
Event: 42.427 GC heap before
{Heap before GC invocations=25 (full 2):
 PSYoungGen      total 23040K, used 22649K [0x00000000eab00000, 0x00000000ec380000, 0x0000000100000000)
  eden space 22016K, 100% used [0x00000000eab00000,0x00000000ec080000,0x00000000ec080000)
  from space 1024K, 61% used [0x00000000ec280000,0x00000000ec31e470,0x00000000ec380000)
  to   space 1024K, 0% used [0x00000000ec180000,0x00000000ec180000,0x00000000ec280000)
 ParOldGen       total 68608K, used 31057K [0x00000000c0000000, 0x00000000c4300000, 0x00000000eab00000)
  object space 68608K, 45% used [0x00000000c0000000,0x00000000c1e54418,0x00000000c4300000)
 Metaspace       used 55116K, committed 56064K, reserved 1105920K
  class space    used 5871K, committed 6272K, reserved 1048576K
}
Event: 42.433 GC heap after
{Heap after GC invocations=25 (full 2):
 PSYoungGen      total 23040K, used 1006K [0x00000000eab00000, 0x00000000ec480000, 0x0000000100000000)
  eden space 22016K, 0% used [0x00000000eab00000,0x00000000eab00000,0x00000000ec080000)
  from space 1024K, 98% used [0x00000000ec180000,0x00000000ec27ba10,0x00000000ec280000)
  to   space 2048K, 0% used [0x00000000ec280000,0x00000000ec280000,0x00000000ec480000)
 ParOldGen       total 68608K, used 31666K [0x00000000c0000000, 0x00000000c4300000, 0x00000000eab00000)
  object space 68608K, 46% used [0x00000000c0000000,0x00000000c1eecb68,0x00000000c4300000)
 Metaspace       used 55116K, committed 56064K, reserved 1105920K
  class space    used 5871K, committed 6272K, reserved 1048576K
}
Event: 43.664 GC heap before
{Heap before GC invocations=26 (full 2):
 PSYoungGen      total 23040K, used 22995K [0x00000000eab00000, 0x00000000ec480000, 0x0000000100000000)
  eden space 22016K, 99% used [0x00000000eab00000,0x00000000ec079328,0x00000000ec080000)
  from space 1024K, 98% used [0x00000000ec180000,0x00000000ec27ba10,0x00000000ec280000)
  to   space 2048K, 0% used [0x00000000ec280000,0x00000000ec280000,0x00000000ec480000)
 ParOldGen       total 68608K, used 31666K [0x00000000c0000000, 0x00000000c4300000, 0x00000000eab00000)
  object space 68608K, 46% used [0x00000000c0000000,0x00000000c1eecb68,0x00000000c4300000)
 Metaspace       used 57966K, committed 58880K, reserved 1105920K
  class space    used 6147K, committed 6528K, reserved 1048576K
}
Event: 43.671 GC heap after
{Heap after GC invocations=26 (full 2):
 PSYoungGen      total 24064K, used 1821K [0x00000000eab00000, 0x00000000ec480000, 0x0000000100000000)
  eden space 22016K, 0% used [0x00000000eab00000,0x00000000eab00000,0x00000000ec080000)
  from space 2048K, 88% used [0x00000000ec280000,0x00000000ec447760,0x00000000ec480000)
  to   space 2048K, 0% used [0x00000000ec080000,0x00000000ec080000,0x00000000ec280000)
 ParOldGen       total 68608K, used 32617K [0x00000000c0000000, 0x00000000c4300000, 0x00000000eab00000)
  object space 68608K, 47% used [0x00000000c0000000,0x00000000c1fda658,0x00000000c4300000)
 Metaspace       used 57966K, committed 58880K, reserved 1105920K
  class space    used 6147K, committed 6528K, reserved 1048576K
}
Event: 44.832 GC heap before
{Heap before GC invocations=27 (full 2):
 PSYoungGen      total 24064K, used 9804K [0x00000000eab00000, 0x00000000ec480000, 0x0000000100000000)
  eden space 22016K, 36% used [0x00000000eab00000,0x00000000eb2cba80,0x00000000ec080000)
  from space 2048K, 88% used [0x00000000ec280000,0x00000000ec447760,0x00000000ec480000)
  to   space 2048K, 0% used [0x00000000ec080000,0x00000000ec080000,0x00000000ec280000)
 ParOldGen       total 68608K, used 32617K [0x00000000c0000000, 0x00000000c4300000, 0x00000000eab00000)
  object space 68608K, 47% used [0x00000000c0000000,0x00000000c1fda658,0x00000000c4300000)
 Metaspace       used 58729K, committed 59776K, reserved 1105920K
  class space    used 6215K, committed 6656K, reserved 1048576K
}
Event: 44.839 GC heap after
{Heap after GC invocations=27 (full 2):
 PSYoungGen      total 23040K, used 982K [0x00000000eab00000, 0x00000000ec380000, 0x0000000100000000)
  eden space 22016K, 0% used [0x00000000eab00000,0x00000000eab00000,0x00000000ec080000)
  from space 1024K, 95% used [0x00000000ec080000,0x00000000ec1758f8,0x00000000ec180000)
  to   space 1536K, 0% used [0x00000000ec200000,0x00000000ec200000,0x00000000ec380000)
 ParOldGen       total 68608K, used 33801K [0x00000000c0000000, 0x00000000c4300000, 0x00000000eab00000)
  object space 68608K, 49% used [0x00000000c0000000,0x00000000c2102658,0x00000000c4300000)
 Metaspace       used 58729K, committed 59776K, reserved 1105920K
  class space    used 6215K, committed 6656K, reserved 1048576K
}
Event: 44.839 GC heap before
{Heap before GC invocations=28 (full 3):
 PSYoungGen      total 23040K, used 982K [0x00000000eab00000, 0x00000000ec380000, 0x0000000100000000)
  eden space 22016K, 0% used [0x00000000eab00000,0x00000000eab00000,0x00000000ec080000)
  from space 1024K, 95% used [0x00000000ec080000,0x00000000ec1758f8,0x00000000ec180000)
  to   space 1536K, 0% used [0x00000000ec200000,0x00000000ec200000,0x00000000ec380000)
 ParOldGen       total 68608K, used 33801K [0x00000000c0000000, 0x00000000c4300000, 0x00000000eab00000)
  object space 68608K, 49% used [0x00000000c0000000,0x00000000c2102658,0x00000000c4300000)
 Metaspace       used 58729K, committed 59776K, reserved 1105920K
  class space    used 6215K, committed 6656K, reserved 1048576K
}

Dll operation events (10 events):
Event: 0.185 Loaded shared library c:\Users\Dan\.vscode\extensions\redhat.java-1.13.0-win32-x64\jre\17.0.5-win32-x86_64\bin\java.dll
Event: 0.614 Loaded shared library c:\Users\Dan\.vscode\extensions\redhat.java-1.13.0-win32-x64\jre\17.0.5-win32-x86_64\bin\zip.dll
Event: 0.622 Loaded shared library C:\Users\Dan\.vscode\extensions\redhat.java-1.13.0-win32-x64\jre\17.0.5-win32-x86_64\bin\instrument.dll
Event: 0.686 Loaded shared library C:\Users\Dan\.vscode\extensions\redhat.java-1.13.0-win32-x64\jre\17.0.5-win32-x86_64\bin\net.dll
Event: 0.729 Loaded shared library C:\Users\Dan\.vscode\extensions\redhat.java-1.13.0-win32-x64\jre\17.0.5-win32-x86_64\bin\nio.dll
Event: 0.742 Loaded shared library C:\Users\Dan\.vscode\extensions\redhat.java-1.13.0-win32-x64\jre\17.0.5-win32-x86_64\bin\zip.dll
Event: 0.777 Loaded shared library C:\Users\Dan\.vscode\extensions\redhat.java-1.13.0-win32-x64\jre\17.0.5-win32-x86_64\bin\jimage.dll
Event: 0.923 Loaded shared library c:\Users\Dan\.vscode\extensions\redhat.java-1.13.0-win32-x64\jre\17.0.5-win32-x86_64\bin\verify.dll
Event: 9.434 Loaded shared library C:\Users\Dan\AppData\Roaming\Code\User\globalStorage\redhat.java\1.13.0\config_win\org.eclipse.equinox.launcher\org.eclipse.equinox.launcher.win32.win32.x86_64_1.2.600.v20220720-1916\eclipse_11700.dll
Event: 27.137 Loaded shared library C:\Users\Dan\AppData\Local\Temp\jna-68465\jna884098011475134593.dll

Deoptimization events (20 events):
Event: 43.308 Thread 0x000001b825e81630 DEOPT PACKING pc=0x000001b81aad2b24 sp=0x0000001c30ffd9b0
Event: 43.308 Thread 0x000001b825e81630 DEOPT UNPACKING pc=0x000001b812ed209d sp=0x0000001c30ffd958 mode 2
Event: 43.364 Thread 0x000001b825e81630 DEOPT PACKING pc=0x000001b813bf2bd7 sp=0x0000001c30ffe0d0
Event: 43.364 Thread 0x000001b825e81630 DEOPT UNPACKING pc=0x000001b812ed2824 sp=0x0000001c30ffd5d8 mode 3
Event: 43.365 Thread 0x000001b825e81630 Uncommon trap: trap_request=0xffffffc6 fr.pc=0x000001b81a9a6f00 relative=0x0000000000000880
Event: 43.365 Thread 0x000001b825e81630 Uncommon trap: reason=bimorphic_or_optimized_type_check action=maybe_recompile pc=0x000001b81a9a6f00 method=java.util.HashMap.removeNode(ILjava/lang/Object;Ljava/lang/Object;ZZ)Ljava/util/HashMap$Node; @ 68 c2
Event: 43.365 Thread 0x000001b825e81630 DEOPT PACKING pc=0x000001b81a9a6f00 sp=0x0000001c30ffddc0
Event: 43.365 Thread 0x000001b825e81630 DEOPT UNPACKING pc=0x000001b812ed209d sp=0x0000001c30ffdcc8 mode 2
Event: 43.462 Thread 0x000001b827034bc0 Uncommon trap: trap_request=0xffffff45 fr.pc=0x000001b81ab7ebc0 relative=0x00000000000003a0
Event: 43.462 Thread 0x000001b827034bc0 Uncommon trap: reason=unstable_if action=reinterpret pc=0x000001b81ab7ebc0 method=com.google.gson.stream.JsonReader.isLiteral(C)Z @ 1 c2
Event: 43.462 Thread 0x000001b827034bc0 DEOPT PACKING pc=0x000001b81ab7ebc0 sp=0x0000001c304fe620
Event: 43.462 Thread 0x000001b827034bc0 DEOPT UNPACKING pc=0x000001b812ed209d sp=0x0000001c304fe4d8 mode 2
Event: 43.473 Thread 0x000001b825e81630 Uncommon trap: trap_request=0xffffff45 fr.pc=0x000001b81aba65e8 relative=0x0000000000000ae8
Event: 43.473 Thread 0x000001b825e81630 Uncommon trap: reason=unstable_if action=reinterpret pc=0x000001b81aba65e8 method=org.eclipse.jdt.internal.core.util.Util.splitOn(CLjava/lang/String;II)[Ljava/lang/String; @ 16 c2
Event: 43.473 Thread 0x000001b825e81630 DEOPT PACKING pc=0x000001b81aba65e8 sp=0x0000001c30ffde60
Event: 43.473 Thread 0x000001b825e81630 DEOPT UNPACKING pc=0x000001b812ed209d sp=0x0000001c30ffde40 mode 2
Event: 43.659 Thread 0x000001b825e84ff0 DEOPT PACKING pc=0x000001b813a1bec8 sp=0x0000001c310f8a90
Event: 43.659 Thread 0x000001b825e84ff0 DEOPT UNPACKING pc=0x000001b812ed2824 sp=0x0000001c310f8038 mode 0
Event: 43.693 Thread 0x000001b825e84ff0 DEOPT PACKING pc=0x000001b813e832e8 sp=0x0000001c310f8540
Event: 43.693 Thread 0x000001b825e84ff0 DEOPT UNPACKING pc=0x000001b812ed2824 sp=0x0000001c310f7c50 mode 0

Classes unloaded (7 events):
Event: 14.448 Thread 0x000001b80e1deb80 Unloading class 0x000000010021a400 'java/lang/invoke/LambdaForm$MH+0x000000010021a400'
Event: 14.448 Thread 0x000001b80e1deb80 Unloading class 0x000000010021a000 'java/lang/invoke/LambdaForm$MH+0x000000010021a000'
Event: 14.448 Thread 0x000001b80e1deb80 Unloading class 0x0000000100219c00 'java/lang/invoke/LambdaForm$MH+0x0000000100219c00'
Event: 14.448 Thread 0x000001b80e1deb80 Unloading class 0x0000000100219400 'java/lang/invoke/LambdaForm$MH+0x0000000100219400'
Event: 14.448 Thread 0x000001b80e1deb80 Unloading class 0x0000000100219000 'java/lang/invoke/LambdaForm$BMH+0x0000000100219000'
Event: 14.448 Thread 0x000001b80e1deb80 Unloading class 0x0000000100218c00 'java/lang/invoke/LambdaForm$DMH+0x0000000100218c00'
Event: 14.448 Thread 0x000001b80e1deb80 Unloading class 0x0000000100216000 'java/lang/invoke/LambdaForm$DMH+0x0000000100216000'

Classes redefined (0 events):
No events

Internal exceptions (20 events):
Event: 41.137 Thread 0x000001b827035560 Exception <a 'sun/nio/fs/WindowsException'{0x00000000eb0b7d18}> (0x00000000eb0b7d18) 
thrown [s\src\hotspot\share\prims\jni.cpp, line 516]
Event: 41.145 Thread 0x000001b827035560 Exception <a 'sun/nio/fs/WindowsException'{0x00000000eb0dcfa8}> (0x00000000eb0dcfa8) 
thrown [s\src\hotspot\share\prims\jni.cpp, line 516]
Event: 41.147 Thread 0x000001b827035560 Exception <a 'sun/nio/fs/WindowsException'{0x00000000eb0e1120}> (0x00000000eb0e1120) 
thrown [s\src\hotspot\share\prims\jni.cpp, line 516]
Event: 41.201 Thread 0x000001b827035560 Exception <a 'sun/nio/fs/WindowsException'{0x00000000eb10f9f8}> (0x00000000eb10f9f8) 
thrown [s\src\hotspot\share\prims\jni.cpp, line 516]
Event: 41.205 Thread 0x000001b827035560 Exception <a 'sun/nio/fs/WindowsException'{0x00000000eb11a208}> (0x00000000eb11a208) 
thrown [s\src\hotspot\share\prims\jni.cpp, line 516]
Event: 41.272 Thread 0x000001b827032ee0 Exception <a 'sun/nio/fs/WindowsException'{0x00000000eb25bb38}> (0x00000000eb25bb38) 
thrown [s\src\hotspot\share\prims\jni.cpp, line 516]
Event: 41.272 Thread 0x000001b827032ee0 Exception <a 'sun/nio/fs/WindowsException'{0x00000000eb25bed8}> (0x00000000eb25bed8) 
thrown [s\src\hotspot\share\prims\jni.cpp, line 516]
Event: 41.481 Thread 0x000001b827035560 Exception <a 'java/lang/NoSuchMethodError'{0x00000000eb36eb18}: 'int java.lang.invoke.DirectMethodHandle$Holder.invokeVirtual(java.lang.Object, java.lang.Object, java.lang.Object)'> (0x00000000eb36eb18) 
thrown [s\src\hotspot\share\interpreter\linkResolver.cpp, line 759]
Event: 41.534 Thread 0x000001b827035560 Exception <a 'java/lang/NoSuchMethodError'{0x00000000eb39d828}: 'int java.lang.invoke.DirectMethodHandle$Holder.invokeSpecialIFC(java.lang.Object, java.lang.Object, java.lang.Object)'> (0x00000000eb39d828) 
thrown [s\src\hotspot\share\interpreter\linkResolver.cpp, line 759]
Event: 41.839 Thread 0x000001b827035560 Exception <a 'sun/nio/fs/WindowsException'{0x00000000eb881a80}> (0x00000000eb881a80) 
thrown [s\src\hotspot\share\prims\jni.cpp, line 516]
Event: 41.865 Thread 0x000001b827035560 Exception <a 'sun/nio/fs/WindowsException'{0x00000000eb8a2d88}> (0x00000000eb8a2d88) 
thrown [s\src\hotspot\share\prims\jni.cpp, line 516]
Event: 41.872 Thread 0x000001b827035560 Exception <a 'sun/nio/fs/WindowsException'{0x00000000eb8c4ab0}> (0x00000000eb8c4ab0) 
thrown [s\src\hotspot\share\prims\jni.cpp, line 516]
Event: 41.882 Thread 0x000001b827035560 Exception <a 'sun/nio/fs/WindowsException'{0x00000000eb8d4fd8}> (0x00000000eb8d4fd8) 
thrown [s\src\hotspot\share\prims\jni.cpp, line 516]
Event: 41.889 Thread 0x000001b827035560 Exception <a 'sun/nio/fs/WindowsException'{0x00000000eb8e3f48}> (0x00000000eb8e3f48) 
thrown [s\src\hotspot\share\prims\jni.cpp, line 516]
Event: 41.990 Thread 0x000001b827034bc0 Exception <a 'java/io/FileNotFoundException'{0x00000000ebb40438}> (0x00000000ebb40438) 
thrown [s\src\hotspot\share\prims\jni.cpp, line 516]
Event: 42.338 Thread 0x000001b827034bc0 Exception <a 'java/lang/NoSuchMethodError'{0x00000000ebfcc1e8}: 'int java.lang.invoke.DirectMethodHandle$Holder.invokeStatic(java.lang.Object, java.lang.Object, java.lang.Object, int)'> (0x00000000ebfcc1e8) 
thrown [s\src\hotspot\share\interpreter\linkResolver.cpp, line 759]
Event: 42.521 Thread 0x000001b827034bc0 Exception <a 'java/io/FileNotFoundException'{0x00000000eac7a290}> (0x00000000eac7a290) 
thrown [s\src\hotspot\share\prims\jni.cpp, line 516]
Event: 42.560 Thread 0x000001b827034bc0 Implicit null exception at 0x000001b81ac2c63b to 0x000001b81ac2c87c
Event: 42.700 Thread 0x000001b827032a10 Exception <a 'java/lang/NoSuchMethodError'{0x00000000eafc90a0}: 'java.lang.Object java.lang.invoke.DirectMethodHandle$Holder.newInvokeSpecial(java.lang.Object, java.lang.Object, java.lang.Object, java.lang.Object, java.lang.Object, java.lang.Object)'> (0x00000000eafc90a0) 
thrown [s\src\hotspot\share\interpreter\linkResolver.cpp, line 759]
Event: 43.272 Thread 0x000001b827035a30 Exception <a 'java/io/FileNotFoundException'{0x00000000eb7339f0}> (0x00000000eb7339f0) 
thrown [s\src\hotspot\share\prims\jni.cpp, line 516]

VM Operations (20 events):
Event: 42.355 Executing VM operation: HandshakeAllThreads done
Event: 42.427 Executing VM operation: ParallelGCFailedAllocation
Event: 42.433 Executing VM operation: ParallelGCFailedAllocation done
Event: 43.362 Executing VM operation: HandshakeAllThreads
Event: 43.364 Executing VM operation: HandshakeAllThreads done
Event: 43.582 Executing VM operation: HandshakeAllThreads
Event: 43.636 Executing VM operation: HandshakeAllThreads done
Event: 43.636 Executing VM operation: Cleanup
Event: 43.636 Executing VM operation: Cleanup done
Event: 43.638 Executing VM operation: HandshakeAllThreads
Event: 43.638 Executing VM operation: HandshakeAllThreads done
Event: 43.664 Executing VM operation: ParallelGCFailedAllocation
Event: 43.673 Executing VM operation: ParallelGCFailedAllocation done
Event: 44.384 Executing VM operation: HandshakeAllThreads
Event: 44.469 Executing VM operation: HandshakeAllThreads done
Event: 44.567 Executing VM operation: HandshakeAllThreads
Event: 44.731 Executing VM operation: HandshakeAllThreads done
Event: 44.731 Executing VM operation: Cleanup
Event: 44.731 Executing VM operation: Cleanup done
Event: 44.832 Executing VM operation: CollectForMetadataAllocation

Events (20 events):
Event: 43.119 loading class java/util/Collections$SynchronizedList done
Event: 43.119 loading class java/util/Collections$SynchronizedRandomAccessList done
Event: 43.130 loading class java/util/concurrent/CompletableFuture$Signaller
Event: 43.130 loading class java/util/concurrent/CompletableFuture$Signaller done
Event: 43.220 loading class java/util/Hashtable$KeySet
Event: 43.220 loading class java/util/Hashtable$KeySet done
Event: 43.297 loading class java/util/HashMap$ValueSpliterator
Event: 43.297 loading class java/util/HashMap$ValueSpliterator done
Event: 43.304 Thread 0x000001b825e84ff0 Thread added: 0x000001b825e84ff0
Event: 43.486 loading class java/util/LinkedList$LLSpliterator
Event: 43.487 loading class java/util/LinkedList$LLSpliterator done
Event: 43.511 loading class javax/xml/transform/TransformerConfigurationException
Event: 43.511 loading class javax/xml/transform/TransformerConfigurationException done
Event: 43.527 loading class java/util/concurrent/CompletionException
Event: 43.527 loading class java/util/concurrent/CompletionException done
Event: 43.673 Thread 0x000001b82a6c8ed0 Thread added: 0x000001b82a6c8ed0
Event: 44.527 loading class java/util/stream/ReduceOps$2
Event: 44.528 loading class java/util/stream/ReduceOps$2 done
Event: 44.528 loading class java/util/stream/ReduceOps$2ReducingSink
Event: 44.528 loading class java/util/stream/ReduceOps$2ReducingSink done


Dynamic libraries:
0x00007ff620630000 - 0x00007ff62063e000 	c:\Users\Dan\.vscode\extensions\redhat.java-1.13.0-win32-x64\jre\17.0.5-win32-x86_64\bin\java.exe
0x00007ffd74cb0000 - 0x00007ffd74e71000 	C:\WINDOWS\SYSTEM32\ntdll.dll
0x00007ffd73d80000 - 0x00007ffd73e2d000 	C:\WINDOWS\system32\KERNEL32.DLL
0x00007ffd71e60000 - 0x00007ffd72048000 	C:\WINDOWS\system32\KERNELBASE.dll
0x00007ffd67b10000 - 0x00007ffd67b27000 	c:\Users\Dan\.vscode\extensions\redhat.java-1.13.0-win32-x64\jre\17.0.5-win32-x86_64\bin\jli.dll
0x00007ffd74a00000 - 0x00007ffd74b56000 	C:\WINDOWS\system32\USER32.dll
0x00007ffd73e30000 - 0x00007ffd73fb6000 	C:\WINDOWS\system32\GDI32.dll
0x00007ffd67410000 - 0x00007ffd67429000 	c:\Users\Dan\.vscode\extensions\redhat.java-1.13.0-win32-x64\jre\17.0.5-win32-x86_64\bin\VCRUNTIME140.dll
0x00007ffd70470000 - 0x00007ffd70564000 	C:\WINDOWS\SYSTEM32\ucrtbase.dll
0x00007ffd65380000 - 0x00007ffd655f4000 	C:\WINDOWS\WinSxS\amd64_microsoft.windows.common-controls_6595b64144ccf1df_6.0.10586.0_none_8c15ae12515e1c22\COMCTL32.dll
0x00007ffd72320000 - 0x00007ffd723bd000 	C:\WINDOWS\system32\msvcrt.dll
0x00007ffd742e0000 - 0x00007ffd7455d000 	C:\WINDOWS\system32\combase.dll
0x00007ffd739e0000 - 0x00007ffd73afc000 	C:\WINDOWS\system32\RPCRT4.dll
0x00007ffd71520000 - 0x00007ffd7158a000 	C:\WINDOWS\system32\bcryptPrimitives.dll
0x00007ffd74bc0000 - 0x00007ffd74bfb000 	C:\WINDOWS\system32\IMM32.DLL
0x00007ffd6c500000 - 0x00007ffd6c50c000 	c:\Users\Dan\.vscode\extensions\redhat.java-1.13.0-win32-x64\jre\17.0.5-win32-x86_64\bin\vcruntime140_1.dll
0x00007ffd54760000 - 0x00007ffd547f1000 	c:\Users\Dan\.vscode\extensions\redhat.java-1.13.0-win32-x64\jre\17.0.5-win32-x86_64\bin\msvcp140.dll
0x00007ffd4e940000 - 0x00007ffd4f584000 	c:\Users\Dan\.vscode\extensions\redhat.java-1.13.0-win32-x64\jre\17.0.5-win32-x86_64\bin\server\jvm.dll
0x00007ffd74c00000 - 0x00007ffd74ca7000 	C:\WINDOWS\system32\ADVAPI32.dll
0x00007ffd73980000 - 0x00007ffd739db000 	C:\WINDOWS\system32\sechost.dll
0x00007ffd68d40000 - 0x00007ffd68d49000 	C:\WINDOWS\SYSTEM32\WSOCK32.dll
0x00007ffd74560000 - 0x00007ffd745cb000 	C:\WINDOWS\system32\WS2_32.dll
0x00007ffd6de60000 - 0x00007ffd6de6a000 	C:\WINDOWS\SYSTEM32\VERSION.dll
0x00007ffd6f610000 - 0x00007ffd6f633000 	C:\WINDOWS\SYSTEM32\WINMM.dll
0x00007ffd6f5b0000 - 0x00007ffd6f5dc000 	C:\WINDOWS\SYSTEM32\WINMMBASE.dll
0x00007ffd71410000 - 0x00007ffd71453000 	C:\WINDOWS\system32\cfgmgr32.dll
0x00007ffd712d0000 - 0x00007ffd712df000 	C:\WINDOWS\system32\kernel.appcore.dll
0x00007ffd68b50000 - 0x00007ffd68b5a000 	c:\Users\Dan\.vscode\extensions\redhat.java-1.13.0-win32-x64\jre\17.0.5-win32-x86_64\bin\jimage.dll
0x00007ffd6af00000 - 0x00007ffd6b08c000 	C:\WINDOWS\SYSTEM32\DBGHELP.DLL
0x00007ffd6ac60000 - 0x00007ffd6ac85000 	C:\WINDOWS\SYSTEM32\dbgcore.DLL
0x00007ffd66860000 - 0x00007ffd6686e000 	c:\Users\Dan\.vscode\extensions\redhat.java-1.13.0-win32-x64\jre\17.0.5-win32-x86_64\bin\instrument.dll
0x00007ffd5dfb0000 - 0x00007ffd5dfd5000 	c:\Users\Dan\.vscode\extensions\redhat.java-1.13.0-win32-x64\jre\17.0.5-win32-x86_64\bin\java.dll
0x00007ffd64950000 - 0x00007ffd64968000 	c:\Users\Dan\.vscode\extensions\redhat.java-1.13.0-win32-x64\jre\17.0.5-win32-x86_64\bin\zip.dll
0x00007ffd72420000 - 0x00007ffd7397c000 	C:\WINDOWS\system32\SHELL32.dll
0x00007ffd717f0000 - 0x00007ffd71e35000 	C:\WINDOWS\system32\windows.storage.dll
0x00007ffd720b0000 - 0x00007ffd72102000 	C:\WINDOWS\system32\shlwapi.dll
0x00007ffd71460000 - 0x00007ffd71515000 	C:\WINDOWS\system32\shcore.dll
0x00007ffd712e0000 - 0x00007ffd7132b000 	C:\WINDOWS\system32\powrprof.dll
0x00007ffd71330000 - 0x00007ffd71344000 	C:\WINDOWS\system32\profapi.dll
0x00007ffd635f0000 - 0x00007ffd63609000 	C:\Users\Dan\.vscode\extensions\redhat.java-1.13.0-win32-x64\jre\17.0.5-win32-x86_64\bin\net.dll
0x00007ffd6ce60000 - 0x00007ffd6cf28000 	C:\WINDOWS\SYSTEM32\WINHTTP.dll
0x00007ffd70c00000 - 0x00007ffd70c5c000 	C:\WINDOWS\system32\mswsock.dll
0x00007ffd62c60000 - 0x00007ffd62c75000 	C:\Users\Dan\.vscode\extensions\redhat.java-1.13.0-win32-x64\jre\17.0.5-win32-x86_64\bin\nio.dll
0x00007ffd661b0000 - 0x00007ffd661c0000 	c:\Users\Dan\.vscode\extensions\redhat.java-1.13.0-win32-x64\jre\17.0.5-win32-x86_64\bin\verify.dll
0x00007ffd57210000 - 0x00007ffd5724e000 	C:\Users\Dan\AppData\Roaming\Code\User\globalStorage\redhat.java\1.13.0\config_win\org.eclipse.equinox.launcher\org.eclipse.equinox.launcher.win32.win32.x86_64_1.2.600.v20220720-1916\eclipse_11700.dll
0x00007ffd73b00000 - 0x00007ffd73c43000 	C:\WINDOWS\system32\ole32.dll
0x00007ffd70cb0000 - 0x00007ffd70cc7000 	C:\WINDOWS\SYSTEM32\CRYPTSP.dll
0x00007ffd70940000 - 0x00007ffd70974000 	C:\WINDOWS\system32\rsaenh.dll
0x00007ffd70ed0000 - 0x00007ffd70ef9000 	C:\WINDOWS\SYSTEM32\bcrypt.dll
0x00007ffd70a90000 - 0x00007ffd70aaf000 	C:\WINDOWS\SYSTEM32\USERENV.dll
0x00007ffd70dd0000 - 0x00007ffd70ddb000 	C:\WINDOWS\SYSTEM32\CRYPTBASE.dll
0x00007ffd6e290000 - 0x00007ffd6e2c8000 	C:\WINDOWS\SYSTEM32\IPHLPAPI.DLL
0x00007ffd72310000 - 0x00007ffd72318000 	C:\WINDOWS\system32\NSI.dll
0x00007ffd6df20000 - 0x00007ffd6df36000 	C:\WINDOWS\SYSTEM32\dhcpcsvc6.DLL
0x00007ffd6e0e0000 - 0x00007ffd6e0fa000 	C:\WINDOWS\SYSTEM32\dhcpcsvc.DLL
0x00007ffd5a050000 - 0x00007ffd5a090000 	C:\Users\Dan\AppData\Local\Temp\jna-68465\jna884098011475134593.dll
0x00007ffd72230000 - 0x00007ffd72238000 	C:\WINDOWS\system32\PSAPI.DLL
0x00007ffd6cda0000 - 0x00007ffd6cdb5000 	C:\WINDOWS\SYSTEM32\ondemandconnroutehelper.dll

dbghelp: loaded successfully - version: 4.0.5 - missing functions: none
symbol engine: initialized successfully - sym options: 0x614 - pdb path: .;c:\Users\Dan\.vscode\extensions\redhat.java-1.13.0-win32-x64\jre\17.0.5-win32-x86_64\bin;C:\WINDOWS\SYSTEM32;C:\WINDOWS\WinSxS\amd64_microsoft.windows.common-controls_6595b64144ccf1df_6.0.10586.0_none_8c15ae12515e1c22;c:\Users\Dan\.vscode\extensions\redhat.java-1.13.0-win32-x64\jre\17.0.5-win32-x86_64\bin\server;C:\Users\Dan\AppData\Roaming\Code\User\globalStorage\redhat.java\1.13.0\config_win\org.eclipse.equinox.launcher\org.eclipse.equinox.launcher.win32.win32.x86_64_1.2.600.v20220720-1916;C:\Users\Dan\AppData\Local\Temp\jna-68465

VM Arguments:
jvm_args: --add-modules=ALL-SYSTEM --add-opens=java.base/java.util=ALL-UNNAMED --add-opens=java.base/java.lang=ALL-UNNAMED --add-opens=java.base/sun.nio.fs=ALL-UNNAMED -Declipse.application=org.eclipse.jdt.ls.core.id1 -Dosgi.bundles.defaultStartLevel=4 -Declipse.product=org.eclipse.jdt.ls.core.product -Djava.import.generatesMetadataFilesAtProjectRoot=false -Dfile.encoding=utf8 -XX:+UseParallelGC -XX:GCTimeRatio=4 -XX:AdaptiveSizePolicyWeight=90 -Dsun.zip.disableMemoryMapping=true -Xmx1G -Xms100m -Xlog:disable -javaagent:c:\Users\Dan\.vscode\extensions\redhat.java-1.13.0-win32-x64\lombok\lombok-1.18.24.jar -XX:+HeapDumpOnOutOfMemoryError -XX:HeapDumpPath=c:\Users\Dan\AppData\Roaming\Code\User\workspaceStorage\28d6d5f61db531afcfd3305c548b7bb8\redhat.java 
java_command: c:\Users\Dan\.vscode\extensions\redhat.java-1.13.0-win32-x64\server\plugins\org.eclipse.equinox.launcher_1.6.400.v20210924-0641.jar -configuration c:\Users\Dan\AppData\Roaming\Code\User\globalStorage\redhat.java\1.13.0\config_win -data c:\Users\Dan\AppData\Roaming\Code\User\workspaceStorage\28d6d5f61db531afcfd3305c548b7bb8\redhat.java\jdt_ws
java_class_path (initial): c:\Users\Dan\.vscode\extensions\redhat.java-1.13.0-win32-x64\server\plugins\org.eclipse.equinox.launcher_1.6.400.v20210924-0641.jar
Launcher Type: SUN_STANDARD

[Global flags]
    uintx AdaptiveSizePolicyWeight                 = 90                                        {product} {command line}
     intx CICompilerCount                          = 3                                         {product} {ergonomic}
    uintx GCTimeRatio                              = 4                                         {product} {command line}
     bool HeapDumpOnOutOfMemoryError               = true                                   {manageable} {command line}
    ccstr HeapDumpPath                             = c:\Users\Dan\AppData\Roaming\Code\User\workspaceStorage\28d6d5f61db531afcfd3305c548b7bb8\redhat.java         {manageable} {command line}
   size_t InitialHeapSize                          = 104857600                                 {product} {command line}
   size_t MaxHeapSize                              = 1073741824                                {product} {command line}
   size_t MaxNewSize                               = 357564416                                 {product} {ergonomic}
   size_t MinHeapDeltaBytes                        = 524288                                    {product} {ergonomic}
   size_t MinHeapSize                              = 104857600                                 {product} {command line}
   size_t NewSize                                  = 34603008                                  {product} {ergonomic}
    uintx NonNMethodCodeHeapSize                   = 5832780                                {pd product} {ergonomic}
    uintx NonProfiledCodeHeapSize                  = 122912730                              {pd product} {ergonomic}
   size_t OldSize                                  = 70254592                                  {product} {ergonomic}
    uintx ProfiledCodeHeapSize                     = 122912730                              {pd product} {ergonomic}
    uintx ReservedCodeCacheSize                    = 251658240                              {pd product} {ergonomic}
     bool SegmentedCodeCache                       = true                                      {product} {ergonomic}
   size_t SoftMaxHeapSize                          = 1073741824                             {manageable} {ergonomic}
     bool UseCompressedClassPointers               = true                           {product lp64_product} {ergonomic}
     bool UseCompressedOops                        = true                           {product lp64_product} {ergonomic}
     bool UseLargePagesIndividualAllocation        = false                                  {pd product} {ergonomic}
     bool UseParallelGC                            = true                                      {product} {command line}

Logging:
Log output configuration:
 #0: stdout all=off uptime,level,tags
 #1: stderr all=off uptime,level,tags

Environment Variables:
JAVA_HOME=C:\Program Files\BellSoft\LibericaJDK-17\
PATH=C:\Program Files\BellSoft\LibericaJDK-17\bin\;C:\WINDOWS\system32;C:\WINDOWS;C:\WINDOWS\System32\Wbem;C:\WINDOWS\System32\WindowsPowerShell\v1.0\;C:\Program Files\Git\cmd;;C:\Users\Dan\AppData\Local\Programs\Microsoft VS Code\bin
USERNAME=Dan
OS=Windows_NT
PROCESSOR_IDENTIFIER=Intel64 Family 6 Model 15 Stepping 11, GenuineIntel
TMP=C:\Users\Dan\AppData\Local\Temp
TEMP=C:\Users\Dan\AppData\Local\Temp



---------------  S Y S T E M  ---------------

OS:
 Windows 10 , 64 bit Build 10586 (10.0.10586.0)
OS uptime: 3 days 14:39 hours

CPU: total 4 (initial active 4) (4 cores per cpu, 1 threads per core) family 6 model 15 stepping 11 microcode 0xba, cx8, cmov, fxsr, mmx, sse, sse2, sse3, ssse3, tsc, clflush

Memory: 4k page, system-wide physical 7087M (3393M free)
TotalPageFile size 8879M (AvailPageFile size 3988M)
current process WorkingSet (physical memory assigned to process): 229M, peak: 238M
current process commit charge ("private bytes"): 293M, peak: 305M

vm_info: OpenJDK 64-Bit Server VM (17.0.5+8) for windows-amd64 JRE (17.0.5+8), built on Oct 19 2022 04:48:13 by "temurin" with MS VC++ 16.7 (VS2019)

END.
