#
# A fatal error has been detected by the Java Runtime Environment:
#
#  EXCEPTION_ACCESS_VIOLATION (0xc0000005) at pc=0x00007ffd54f4dcdf, pid=25628, tid=25916
#
# JRE version: OpenJDK Runtime Environment Temurin-17.0.5+8 (17.0.5+8) (build 17.0.5+8)
# Java VM: OpenJDK 64-Bit Server VM Temurin-17.0.5+8 (17.0.5+8, mixed mode, tiered, compressed oops, compressed class ptrs, parallel gc, windows-amd64)
# Problematic frame:
# V  [jvm.dll+0x1bdcdf]
#
# No core dump will be written. Minidumps are not enabled by default on client versions of Windows
#
# If you would like to submit a bug report, please visit:
#   https://github.com/adoptium/adoptium-support/issues
#

---------------  S U M M A R Y ------------

Command Line: --add-modules=ALL-SYSTEM --add-opens=java.base/java.util=ALL-UNNAMED --add-opens=java.base/java.lang=ALL-UNNAMED --add-opens=java.base/sun.nio.fs=ALL-UNNAMED -Declipse.application=org.eclipse.jdt.ls.core.id1 -Dosgi.bundles.defaultStartLevel=4 -Declipse.product=org.eclipse.jdt.ls.core.product -Djava.import.generatesMetadataFilesAtProjectRoot=false -Dfile.encoding=utf8 -XX:+UseParallelGC -XX:GCTimeRatio=4 -XX:AdaptiveSizePolicyWeight=90 -Dsun.zip.disableMemoryMapping=true -Xmx1G -Xms100m -Xlog:disable -javaagent:c:\Users\Dan\.vscode\extensions\redhat.java-1.13.0-win32-x64\lombok\lombok-1.18.24.jar -XX:+HeapDumpOnOutOfMemoryError -XX:HeapDumpPath=c:\Users\Dan\AppData\Roaming\Code\User\workspaceStorage\b81711f6c73ef69cbbb0f61b056d21ac\redhat.java c:\Users\Dan\.vscode\extensions\redhat.java-1.13.0-win32-x64\server\plugins\org.eclipse.equinox.launcher_1.6.400.v20210924-0641.jar -configuration c:\Users\Dan\AppData\Roaming\Code\User\globalStorage\redhat.java\1.13.0\config_win -data c:\Users\Dan\AppData\Roaming\Code\User\workspaceStorage\b81711f6c73ef69cbbb0f61b056d21ac\redhat.java\jdt_ws

Host: Intel(R) Core(TM)2 Quad CPU    Q6600  @ 2.40GHz, 4 cores, 6G,  Windows 10 , 64 bit Build 10586 (10.0.10586.0)
Time: Tue Dec 27 10:16:04 2022 Hora estándar de Argentina elapsed time: 388.824819 seconds (0d 0h 6m 28s)

---------------  T H R E A D  ---------------

Current thread (0x00000273cff66e60):  JavaThread "C2 CompilerThread0" daemon [_thread_in_native, id=25916, stack(0x000000f322b00000,0x000000f322c00000)]


Current CompileTask:
C2: 388824 12117       4       org.eclipse.jdt.internal.compiler.lookup.LookupEnvironment::getTypeFromTypeSignature (770 bytes)

Stack: [0x000000f322b00000,0x000000f322c00000],  sp=0x000000f322bfb950,  free space=1006k
Native frames: (J=compiled Java code, j=interpreted, Vv=VM code, C=native code)
V  [jvm.dll+0x1bdcdf]
V  [jvm.dll+0x1bb4a2]
V  [jvm.dll+0x217ca9]
V  [jvm.dll+0x216f71]
V  [jvm.dll+0x1a343d]
V  [jvm.dll+0x22698a]
V  [jvm.dll+0x224ac5]
V  [jvm.dll+0x7e727b]
V  [jvm.dll+0x7e17ea]
V  [jvm.dll+0x6759e5]
C  [ucrtbase.dll+0x6be1d]
C  [KERNEL32.DLL+0x18102]
C  [ntdll.dll+0x5c5b4]


siginfo: EXCEPTION_ACCESS_VIOLATION (0xc0000005), reading address 0xffffffffffffffff


Register to memory mapping:

RIP=0x00007ffd54f4dcdf jvm.dll
RAX=0x00000273e4caefc0 points into unknown readable memory: 0x0000000000000000 | 00 00 00 00 00 00 00 00
RBX=0x0000000000000004 is an unknown value
RCX=0x20000273e05aa7c8 is an unknown value
RDX=0x000000000000006a is an unknown value
RSP=0x000000f322bfb950 is pointing into the stack for thread: 0x00000273cff66e60
RBP=0x00000273d73dcaa0 points into unknown readable memory: 0x00007ffd556a81f0 | f0 81 6a 55 fd 7f 00 00
RSI=0x000000f322bfbe50 is pointing into the stack for thread: 0x00000273cff66e60
RDI=0x00000273e9cbf380 points into unknown readable memory: 0x0000000000000000 | 00 00 00 00 00 00 00 00
R8 =0x00000000ffffffff is an unallocated location in the heap
R9 =0x0000000000000001 is an unknown value
R10=0x000000000000000a is an unknown value
R11=0x3333333333333333 is an unknown value
R12=0x0000000000000002 is an unknown value
R13=0x0000000000000010 is an unknown value
R14=0x00000273e05ab7e8 points into unknown readable memory: 0x00007ffd556a3598 | 98 35 6a 55 fd 7f 00 00
R15=0x00000273e07dde30 points into unknown readable memory: 0x000000000ffffcff | ff fc ff 0f 00 00 00 00


Registers:
RAX=0x00000273e4caefc0, RBX=0x0000000000000004, RCX=0x20000273e05aa7c8, RDX=0x000000000000006a
RSP=0x000000f322bfb950, RBP=0x00000273d73dcaa0, RSI=0x000000f322bfbe50, RDI=0x00000273e9cbf380
R8 =0x00000000ffffffff, R9 =0x0000000000000001, R10=0x000000000000000a, R11=0x3333333333333333
R12=0x0000000000000002, R13=0x0000000000000010, R14=0x00000273e05ab7e8, R15=0x00000273e07dde30
RIP=0x00007ffd54f4dcdf, EFLAGS=0x0000000000010297

Top of Stack: (sp=0x000000f322bfb950)
0x000000f322bfb950:   0000000000000004 00000000000003e7
0x000000f322bfb960:   00000273d73dce60 00000273d73ddff0
0x000000f322bfb970:   0000019800000006 00007ffd00000003
0x000000f322bfb980:   00000273d73dcaa0 0000000000000180
0x000000f322bfb990:   0000000000000000 0000000000000000
0x000000f322bfb9a0:   000000000020d1f0 00000273d7164e70
0x000000f322bfb9b0:   00000273d7164e80 00000273cfe30500
0x000000f322bfb9c0:   00000000000003d8 000000f322bfbaf0
0x000000f322bfb9d0:   0000000000000000 000000f322bfbf30
0x000000f322bfb9e0:   000000f322bfbe50 00007ffd54f4b4a2
0x000000f322bfb9f0:   000000f322bfbe50 000000f322bfba01
0x000000f322bfba00:   000000f322bfbf00 00000000ffffffff
0x000000f322bfba10:   0000000000000000 000000f322bfbad0
0x000000f322bfba20:   0000000000000006 00000273d7164e70
0x000000f322bfba30:   00000273e2453000 00000273e2459490
0x000000f322bfba40:   00000273e245afe8 00000000008696b8 

Instructions: (pc=0x00007ffd54f4dcdf)
0x00007ffd54f4dbdf:   ab a4 00 00 00 66 89 83 9c 00 00 00 eb 64 b8 08
0x00007ffd54f4dbef:   00 00 00 66 44 89 ab a4 00 00 00 66 89 83 9c 00
0x00007ffd54f4dbff:   00 00 eb 4e b8 10 00 00 00 66 44 89 ab a4 00 00
0x00007ffd54f4dc0f:   00 66 89 83 9c 00 00 00 eb 38 49 8b cf e8 5f 78
0x00007ffd54f4dc1f:   50 00 81 8b a8 00 00 00 40 02 00 00 66 89 83 9c
0x00007ffd54f4dc2f:   00 00 00 66 89 83 a4 00 00 00 eb 16 ba cf 03 00
0x00007ffd54f4dc3f:   00 48 8d 0d c9 ed 76 00 e8 f4 6e 08 00 e8 5f 8a
0x00007ffd54f4dc4f:   4b 00 48 8b 6c 24 30 48 8b b4 24 a0 00 00 00 44
0x00007ffd54f4dc5f:   0f b6 8c 24 a8 00 00 00 41 b8 ff ff ff ff 41 8b
0x00007ffd54f4dc6f:   5e 18 89 5c 24 28 44 89 84 24 b8 00 00 00 45 84
0x00007ffd54f4dc7f:   c9 74 38 49 8b 06 49 8b ce ff 90 b0 00 00 00 89
0x00007ffd54f4dc8f:   84 24 b8 00 00 00 44 8b c0 83 f8 ff 74 14 8b d0
0x00007ffd54f4dc9f:   49 8b ce e8 19 78 3d 00 44 8b c0 89 84 24 b8 00
0x00007ffd54f4dcaf:   00 00 44 0f b6 8c 24 a8 00 00 00 44 3b e3 0f 83
0x00007ffd54f4dcbf:   1b 02 00 00 41 8b c4 4c 8d 2c c5 00 00 00 00 66
0x00007ffd54f4dccf:   90 49 8b 46 08 4a 8b 0c 28 48 8b 86 08 01 00 00
0x00007ffd54f4dcdf:   48 63 51 28 8b 1c 90 85 db 0f 84 c7 01 00 00 45
0x00007ffd54f4dcef:   84 c9 74 11 45 3b c4 75 0c 49 8b 06 49 8b ce ff
0x00007ffd54f4dcff:   90 e0 00 00 00 80 bc 24 b0 00 00 00 00 74 13 80
0x00007ffd54f4dd0f:   be 18 01 00 00 00 74 0a 45 3b 66 3c 0f 83 94 01
0x00007ffd54f4dd1f:   00 00 48 8b 46 70 41 8b d4 48 69 fb b0 00 00 00
0x00007ffd54f4dd2f:   49 8b ce 48 03 78 20 49 8b 06 ff 90 80 00 00 00
0x00007ffd54f4dd3f:   80 bc 24 a8 00 00 00 00 4c 8b f8 75 2c 49 8b 4e
0x00007ffd54f4dd4f:   08 f2 0f 10 4d 08 f2 0f 59 ce 4a 8b 14 29 48 8b
0x00007ffd54f4dd5f:   4e 48 44 8b 42 28 48 8b 51 78 4a 8b 0c c2 f2 0f
0x00007ffd54f4dd6f:   10 41 08 66 0f 2f c1 77 57 8b 97 90 00 00 00 8b
0x00007ffd54f4dd7f:   87 94 00 00 00 3b d0 77 25 0f 1f 84 00 00 00 00
0x00007ffd54f4dd8f:   00 8b ca ff c2 49 8b 04 cf 48 21 44 cf 38 8b 87
0x00007ffd54f4dd9f:   94 00 00 00 3b d0 76 e9 8b 97 90 00 00 00 41 8b
0x00007ffd54f4ddaf:   4f 58 3b d1 73 0c 8b 87 94 00 00 00 89 8f 90 00
0x00007ffd54f4ddbf:   00 00 41 8b 4f 5c 3b c1 76 06 89 8f 94 00 00 00
0x00007ffd54f4ddcf:   49 8b 46 08 4a 8b 0c 28 48 8b 01 ff 50 68 8b c8 


Stack slot to memory mapping:
stack at sp + 0 slots: 0x0000000000000004 is an unknown value
stack at sp + 1 slots: 0x00000000000003e7 is an unknown value
stack at sp + 2 slots: 0x00000273d73dce60 points into unknown readable memory: 0x00007ffd556a81f0 | f0 81 6a 55 fd 7f 00 00
stack at sp + 3 slots: 0x00000273d73ddff0 points into unknown readable memory: 0x00007ffd556a81f0 | f0 81 6a 55 fd 7f 00 00
stack at sp + 4 slots: 0x0000019800000006 is an unknown value
stack at sp + 5 slots: 0x00007ffd00000003 is an unknown value
stack at sp + 6 slots: 0x00000273d73dcaa0 points into unknown readable memory: 0x00007ffd556a81f0 | f0 81 6a 55 fd 7f 00 00
stack at sp + 7 slots: 0x0000000000000180 is an unknown value


---------------  P R O C E S S  ---------------

Threads class SMR info:
_java_thread_list=0x00000273e060f240, length=37, elements={
0x00000273ba244e70, 0x00000273cfe670a0, 0x00000273cfe68ac0, 0x00000273cff5ef20,
0x00000273cff5f940, 0x00000273cff606c0, 0x00000273cff63250, 0x00000273cff66e60,
0x00000273cffaafc0, 0x00000273cffac090, 0x00000273d196d590, 0x00000273d1bc5a10,
0x00000273d21fe190, 0x00000273d1b6b920, 0x00000273d2467df0, 0x00000273d1b5e3e0,
0x00000273d2458840, 0x00000273d1d56eb0, 0x00000273d1f5e8d0, 0x00000273d1f5eda0,
0x00000273d1f5f270, 0x00000273d1f5f740, 0x00000273d1f5df30, 0x00000273d1f5da60,
0x00000273d5d1f650, 0x00000273d5d1e310, 0x00000273d5d1c630, 0x00000273d5d1fb20,
0x00000273d5d1cb00, 0x00000273d5d1e7e0, 0x00000273d5d1de40, 0x00000273d5d221a0,
0x00000273d5d22670, 0x00000273d5d21800, 0x00000273d5d20990, 0x00000273d5d20e60,
0x00000273d1dff510
}

Java Threads: ( => current thread )
  0x00000273ba244e70 JavaThread "main" [_thread_blocked, id=17152, stack(0x000000f322200000,0x000000f322300000)]
  0x00000273cfe670a0 JavaThread "Reference Handler" daemon [_thread_blocked, id=26568, stack(0x000000f322500000,0x000000f322600000)]
  0x00000273cfe68ac0 JavaThread "Finalizer" daemon [_thread_blocked, id=21816, stack(0x000000f322600000,0x000000f322700000)]
  0x00000273cff5ef20 JavaThread "Signal Dispatcher" daemon [_thread_blocked, id=22272, stack(0x000000f322700000,0x000000f322800000)]
  0x00000273cff5f940 JavaThread "Attach Listener" daemon [_thread_blocked, id=15812, stack(0x000000f322800000,0x000000f322900000)]
  0x00000273cff606c0 JavaThread "Service Thread" daemon [_thread_blocked, id=25904, stack(0x000000f322900000,0x000000f322a00000)]
  0x00000273cff63250 JavaThread "Monitor Deflation Thread" daemon [_thread_blocked, id=24824, stack(0x000000f322a00000,0x000000f322b00000)]
=>0x00000273cff66e60 JavaThread "C2 CompilerThread0" daemon [_thread_in_native, id=25916, stack(0x000000f322b00000,0x000000f322c00000)]
  0x00000273cffaafc0 JavaThread "C1 CompilerThread0" daemon [_thread_blocked, id=25900, stack(0x000000f322c00000,0x000000f322d00000)]
  0x00000273cffac090 JavaThread "Sweeper thread" daemon [_thread_blocked, id=25920, stack(0x000000f322d00000,0x000000f322e00000)]
  0x00000273d196d590 JavaThread "Common-Cleaner" daemon [_thread_blocked, id=25860, stack(0x000000f322e00000,0x000000f322f00000)]
  0x00000273d1bc5a10 JavaThread "Notification Thread" daemon [_thread_blocked, id=12620, stack(0x000000f322f00000,0x000000f323000000)]
  0x00000273d21fe190 JavaThread "Active Thread: Equinox Container: cf5e6c6b-54d2-493a-8908-a34b8455dfcb" [_thread_blocked, id=7456, stack(0x000000f323900000,0x000000f323a00000)]
  0x00000273d1b6b920 JavaThread "Framework Event Dispatcher: Equinox Container: cf5e6c6b-54d2-493a-8908-a34b8455dfcb" daemon [_thread_blocked, id=15148, stack(0x000000f323a00000,0x000000f323b00000)]
  0x00000273d2467df0 JavaThread "Start Level: Equinox Container: cf5e6c6b-54d2-493a-8908-a34b8455dfcb" daemon [_thread_blocked, id=29608, stack(0x000000f323b00000,0x000000f323c00000)]
  0x00000273d1b5e3e0 JavaThread "SCR Component Actor" daemon [_thread_blocked, id=3544, stack(0x000000f323c00000,0x000000f323d00000)]
  0x00000273d2458840 JavaThread "Worker-JM" [_thread_blocked, id=29956, stack(0x000000f323e00000,0x000000f323f00000)]
  0x00000273d1d56eb0 JavaThread "Worker-0" [_thread_blocked, id=25832, stack(0x000000f323f00000,0x000000f324000000)]
  0x00000273d1f5e8d0 JavaThread "Worker-3" [_thread_blocked, id=7292, stack(0x000000f324300000,0x000000f324400000)]
  0x00000273d1f5eda0 JavaThread "Java indexing" daemon [_thread_blocked, id=4872, stack(0x000000f324600000,0x000000f324700000)]
  0x00000273d1f5f270 JavaThread "JNA Cleaner" daemon [_thread_blocked, id=28400, stack(0x000000f324800000,0x000000f324900000)]
  0x00000273d1f5f740 JavaThread "pool-2-thread-1" [_thread_blocked, id=28576, stack(0x000000f324900000,0x000000f324a00000)]
  0x00000273d1f5df30 JavaThread "pool-1-thread-1" [_thread_in_native, id=28296, stack(0x000000f324b00000,0x000000f324c00000)]
  0x00000273d1f5da60 JavaThread "Bundle File Closer" daemon [_thread_blocked, id=19556, stack(0x000000f326000000,0x000000f326100000)]
  0x00000273d5d1f650 JavaThread "Java Debug Server" daemon [_thread_in_native, id=11072, stack(0x000000f326800000,0x000000f326900000)]
  0x00000273d5d1e310 JavaThread "RxSchedulerPurge-1" daemon [_thread_blocked, id=30184, stack(0x000000f326a00000,0x000000f326b00000)]
  0x00000273d5d1c630 JavaThread "RxCachedWorkerPoolEvictor-1" daemon [_thread_blocked, id=10084, stack(0x000000f326b00000,0x000000f326c00000)]
  0x00000273d5d1fb20 JavaThread "ForkJoinPool.commonPool-worker-4" daemon [_thread_blocked, id=7524, stack(0x000000f32b900000,0x000000f32ba00000)]
  0x00000273d5d1cb00 JavaThread "ForkJoinPool.commonPool-worker-5" daemon [_thread_blocked, id=11676, stack(0x000000f32ba00000,0x000000f32bb00000)]
  0x00000273d5d1e7e0 JavaThread "ForkJoinPool.commonPool-worker-6" daemon [_thread_blocked, id=11316, stack(0x000000f32c400000,0x000000f32c500000)]
  0x00000273d5d1de40 JavaThread "Worker-4" [_thread_blocked, id=29992, stack(0x000000f32d700000,0x000000f32d800000)]
  0x00000273d5d221a0 JavaThread "pool-3-thread-2" [_thread_in_native, id=19156, stack(0x000000f32e400000,0x000000f32e500000)]
  0x00000273d5d22670 JavaThread "RxNewThreadScheduler-3" daemon [_thread_blocked, id=13544, stack(0x000000f32e500000,0x000000f32e600000)]
  0x00000273d5d21800 JavaThread "Packet Receive Manager" daemon [_thread_in_native, id=11840, stack(0x000000f32eb00000,0x000000f32ec00000)]
  0x00000273d5d20990 JavaThread "Packet Send Manager" daemon [_thread_blocked, id=20128, stack(0x000000f32ec00000,0x000000f32ed00000)]
  0x00000273d5d20e60 JavaThread "Event Hub" daemon [_thread_blocked, id=23004, stack(0x000000f32ef00000,0x000000f32f000000)]
  0x00000273d1dff510 JavaThread "C2 CompilerThread1" daemon [_thread_in_native, id=25728, stack(0x000000f330a00000,0x000000f330b00000)]

Other Threads:
  0x00000273cff247f0 VMThread "VM Thread" [stack: 0x000000f322400000,0x000000f322500000] [id=16428]
  0x00000273d1ba3f80 WatcherThread [stack: 0x000000f323000000,0x000000f323100000] [id=25148]
  0x00000273ba25a160 GCTaskThread "GC Thread#0" [stack: 0x000000f322300000,0x000000f322400000] [id=22280]
  0x00000273d24cf6a0 GCTaskThread "GC Thread#1" [stack: 0x000000f323500000,0x000000f323600000] [id=22840]
  0x00000273d20e9c80 GCTaskThread "GC Thread#2" [stack: 0x000000f323600000,0x000000f323700000] [id=20768]
  0x00000273d225c070 GCTaskThread "GC Thread#3" [stack: 0x000000f323700000,0x000000f323800000] [id=26204]

Threads with active compile tasks:
C2 CompilerThread0   388879 12117       4       org.eclipse.jdt.internal.compiler.lookup.LookupEnvironment::getTypeFromTypeSignature (770 bytes)
C2 CompilerThread1   388879 12133   !   4       org.eclipse.jdt.internal.core.NameLookup::findType (612 bytes)

VM state: not at safepoint (normal execution)

VM Mutex/Monitor currently owned by a thread: None

Heap address: 0x00000000c0000000, size: 1024 MB, Compressed Oops mode: 32-bit

CDS archive(s) not mapped
Compressed class space mapped at: 0x0000000100000000-0x0000000140000000, reserved size: 1073741824
Narrow klass base: 0x0000000000000000, Narrow klass shift: 3, Narrow klass range: 0x140000000

GC Precious Log:
 CPUs: 4 total, 4 available
 Memory: 7087M
 Large Page Support: Disabled
 NUMA Support: Disabled
 Compressed Oops: Enabled (32-bit)
 Alignments: Space 512K, Generation 512K, Heap 2M
 Heap Min Capacity: 100M
 Heap Initial Capacity: 100M
 Heap Max Capacity: 1G
 Pre-touch: Disabled
 Parallel Workers: 4

Heap:
 PSYoungGen      total 14336K, used 10542K [0x00000000eab00000, 0x00000000ec400000, 0x0000000100000000)
  eden space 12800K, 70% used [0x00000000eab00000,0x00000000eb3d3918,0x00000000eb780000)
  from space 1536K, 97% used [0x00000000ec280000,0x00000000ec3f8020,0x00000000ec400000)
  to   space 4608K, 0% used [0x00000000ebb00000,0x00000000ebb00000,0x00000000ebf80000)
 ParOldGen       total 115712K, used 84484K [0x00000000c0000000, 0x00000000c7100000, 0x00000000eab00000)
  object space 115712K, 73% used [0x00000000c0000000,0x00000000c5281100,0x00000000c7100000)
 Metaspace       used 78012K, committed 79104K, reserved 1122304K
  class space    used 8285K, committed 8768K, reserved 1048576K

Card table byte_map: [0x00000273cd820000,0x00000273cda30000] _byte_map_base: 0x00000273cd220000

Marking Bits: (ParMarkBitMap*) 0x00007ffd55910dd0
 Begin Bits: [0x00000273cdb90000, 0x00000273ceb90000)
 End Bits:   [0x00000273ceb90000, 0x00000273cfb90000)

Polling page: 0x00000273ba320000

Metaspace:

Usage:
  Non-class:     68.09 MB used.
      Class:      8.09 MB used.
       Both:     76.18 MB used.

Virtual space:
  Non-class space:       72.00 MB reserved,      68.69 MB ( 95%) committed,  9 nodes.
      Class space:        1.00 GB reserved,       8.56 MB ( <1%) committed,  1 nodes.
             Both:        1.07 GB reserved,      77.25 MB (  7%) committed. 

Chunk freelists:
   Non-Class:  2.39 MB
       Class:  3.41 MB
        Both:  5.80 MB

MaxMetaspaceSize: unlimited
CompressedClassSpaceSize: 1.00 GB
Initial GC threshold: 21.00 MB
Current GC threshold: 121.19 MB
CDS: off
MetaspaceReclaimPolicy: balanced
 - commit_granule_bytes: 65536.
 - commit_granule_words: 8192.
 - virtual_space_node_default_size: 1048576.
 - enlarge_chunks_in_place: 1.
 - new_chunks_are_fully_committed: 0.
 - uncommit_free_chunks: 1.
 - use_allocation_guard: 0.
 - handle_deallocations: 1.


Internal statistics:

num_allocs_failed_limit: 9.
num_arena_births: 588.
num_arena_deaths: 14.
num_vsnodes_births: 10.
num_vsnodes_deaths: 0.
num_space_committed: 1236.
num_space_uncommitted: 0.
num_chunks_returned_to_freelist: 23.
num_chunks_taken_from_freelist: 3710.
num_chunk_merges: 13.
num_chunk_splits: 2355.
num_chunks_enlarged: 1468.
num_purges: 2.
num_inconsistent_stats: 0.

CodeHeap 'non-profiled nmethods': size=120000Kb used=6723Kb max_used=6723Kb free=113276Kb
 bounds [0x00000273c6100000, 0x00000273c67a0000, 0x00000273cd630000]
CodeHeap 'profiled nmethods': size=120000Kb used=22786Kb max_used=22786Kb free=97213Kb
 bounds [0x00000273bebd0000, 0x00000273c0220000, 0x00000273c6100000]
CodeHeap 'non-nmethods': size=5760Kb used=1408Kb max_used=1470Kb free=4351Kb
 bounds [0x00000273be630000, 0x00000273be8a0000, 0x00000273bebd0000]
 total_blobs=10959 nmethods=10197 adapters=672
 compilation: enabled
              stopped_count=0, restarted_count=0
 full_count=0

Compilation events (20 events):
Event: 388.614 Thread 0x00000273cffaafc0 12222       2       org.eclipse.jdt.internal.compiler.flow.UnconditionalFlowInfo::isDefinitelyAssigned (20 bytes)
Event: 388.614 Thread 0x00000273cffaafc0 nmethod 12222 0x00000273c020d890 code [0x00000273c020da40, 0x00000273c020dba8]
Event: 388.616 Thread 0x00000273cffaafc0 12223       2       org.eclipse.jdt.internal.compiler.lookup.AnnotatableTypeSystem::getRawType (217 bytes)
Event: 388.619 Thread 0x00000273cffaafc0 nmethod 12223 0x00000273c020dc90 code [0x00000273c020df20, 0x00000273c020e758]
Event: 388.619 Thread 0x00000273cffaafc0 12224       2       org.eclipse.jdt.internal.compiler.lookup.CompilationUnitScope::recordReference (20 bytes)
Event: 388.620 Thread 0x00000273cffaafc0 nmethod 12224 0x00000273c020ed10 code [0x00000273c020eee0, 0x00000273c020f0d8]
Event: 388.621 Thread 0x00000273cffaafc0 12225       2       org.eclipse.jdt.core.dom.ASTConverter::getName (117 bytes)
Event: 388.622 Thread 0x00000273cffaafc0 nmethod 12225 0x00000273c020f290 code [0x00000273c020f4a0, 0x00000273c020f908]
Event: 388.622 Thread 0x00000273cffaafc0 12226       2       org.eclipse.jdt.core.dom.ImportDeclaration::setName (41 bytes)
Event: 388.622 Thread 0x00000273cffaafc0 nmethod 12226 0x00000273c020fc90 code [0x00000273c020fe40, 0x00000273c0210088]
Event: 388.622 Thread 0x00000273cffaafc0 12227       2       org.eclipse.jdt.core.dom.ASTConverter::getPrimitiveTypeCode (435 bytes)
Event: 388.623 Thread 0x00000273cffaafc0 nmethod 12227 0x00000273c0210190 code [0x00000273c02103c0, 0x00000273c0210d98]
Event: 388.623 Thread 0x00000273cffaafc0 12229       2       org.eclipse.jdt.core.dom.ArrayAccess::accept0 (34 bytes)
Event: 388.624 Thread 0x00000273cffaafc0 nmethod 12229 0x00000273c0211190 code [0x00000273c0211360, 0x00000273c0211578]
Event: 388.624 Thread 0x00000273cffaafc0 12228       2       org.eclipse.jdt.core.dom.DefaultASTVisitor::visit (6 bytes)
Event: 388.624 Thread 0x00000273cffaafc0 nmethod 12228 0x00000273c0211710 code [0x00000273c02118a0, 0x00000273c02119c8]
Event: 388.630 Thread 0x00000273cffaafc0 12230       2       org.eclipse.jdt.core.dom.Modifier::isStatic (11 bytes)
Event: 388.630 Thread 0x00000273cffaafc0 nmethod 12230 0x00000273c0211a90 code [0x00000273c0211c20, 0x00000273c0211d38]
Event: 388.630 Thread 0x00000273cffaafc0 12231       2       org.eclipse.jdt.core.dom.BodyDeclaration::getModifiers (65 bytes)
Event: 388.631 Thread 0x00000273cffaafc0 nmethod 12231 0x00000273c0211e10 code [0x00000273c0211fe0, 0x00000273c0212428]

GC Heap History (20 events):
Event: 316.567 GC heap before
{Heap before GC invocations=46 (full 4):
 PSYoungGen      total 24576K, used 24544K [0x00000000eab00000, 0x00000000eca00000, 0x0000000100000000)
  eden space 21504K, 100% used [0x00000000eab00000,0x00000000ec000000,0x00000000ec000000)
  from space 3072K, 98% used [0x00000000ec700000,0x00000000ec9f8020,0x00000000eca00000)
  to   space 4096K, 0% used [0x00000000ec200000,0x00000000ec200000,0x00000000ec600000)
 ParOldGen       total 111616K, used 98574K [0x00000000c0000000, 0x00000000c6d00000, 0x00000000eab00000)
  object space 111616K, 88% used [0x00000000c0000000,0x00000000c6043b90,0x00000000c6d00000)
 Metaspace       used 73245K, committed 74304K, reserved 1122304K
  class space    used 7660K, committed 8128K, reserved 1048576K
}
Event: 316.574 GC heap after
{Heap after GC invocations=46 (full 4):
 PSYoungGen      total 25088K, used 3232K [0x00000000eab00000, 0x00000000ec780000, 0x0000000100000000)
  eden space 21504K, 0% used [0x00000000eab00000,0x00000000eab00000,0x00000000ec000000)
  from space 3584K, 90% used [0x00000000ec200000,0x00000000ec528020,0x00000000ec580000)
  to   space 2048K, 0% used [0x00000000ec580000,0x00000000ec580000,0x00000000ec780000)
 ParOldGen       total 111616K, used 99217K [0x00000000c0000000, 0x00000000c6d00000, 0x00000000eab00000)
  object space 111616K, 88% used [0x00000000c0000000,0x00000000c60e44b0,0x00000000c6d00000)
 Metaspace       used 73245K, committed 74304K, reserved 1122304K
  class space    used 7660K, committed 8128K, reserved 1048576K
}
Event: 317.210 GC heap before
{Heap before GC invocations=47 (full 4):
 PSYoungGen      total 25088K, used 24728K [0x00000000eab00000, 0x00000000ec780000, 0x0000000100000000)
  eden space 21504K, 99% used [0x00000000eab00000,0x00000000ebffe358,0x00000000ec000000)
  from space 3584K, 90% used [0x00000000ec200000,0x00000000ec528020,0x00000000ec580000)
  to   space 2048K, 0% used [0x00000000ec580000,0x00000000ec580000,0x00000000ec780000)
 ParOldGen       total 111616K, used 99217K [0x00000000c0000000, 0x00000000c6d00000, 0x00000000eab00000)
  object space 111616K, 88% used [0x00000000c0000000,0x00000000c60e44b0,0x00000000c6d00000)
 Metaspace       used 73345K, committed 74432K, reserved 1122304K
  class space    used 7661K, committed 8128K, reserved 1048576K
}
Event: 317.236 GC heap after
{Heap after GC invocations=47 (full 4):
 PSYoungGen      total 14848K, used 2044K [0x00000000eab00000, 0x00000000edc00000, 0x0000000100000000)
  eden space 12800K, 0% used [0x00000000eab00000,0x00000000eab00000,0x00000000eb780000)
  from space 2048K, 99% used [0x00000000ec580000,0x00000000ec77f070,0x00000000ec780000)
  to   space 14336K, 0% used [0x00000000eb780000,0x00000000eb780000,0x00000000ec580000)
 ParOldGen       total 111616K, used 109454K [0x00000000c0000000, 0x00000000c6d00000, 0x00000000eab00000)
  object space 111616K, 98% used [0x00000000c0000000,0x00000000c6ae3978,0x00000000c6d00000)
 Metaspace       used 73345K, committed 74432K, reserved 1122304K
  class space    used 7661K, committed 8128K, reserved 1048576K
}
Event: 317.236 GC heap before
{Heap before GC invocations=48 (full 5):
 PSYoungGen      total 14848K, used 2044K [0x00000000eab00000, 0x00000000edc00000, 0x0000000100000000)
  eden space 12800K, 0% used [0x00000000eab00000,0x00000000eab00000,0x00000000eb780000)
  from space 2048K, 99% used [0x00000000ec580000,0x00000000ec77f070,0x00000000ec780000)
  to   space 14336K, 0% used [0x00000000eb780000,0x00000000eb780000,0x00000000ec580000)
 ParOldGen       total 111616K, used 109454K [0x00000000c0000000, 0x00000000c6d00000, 0x00000000eab00000)
  object space 111616K, 98% used [0x00000000c0000000,0x00000000c6ae3978,0x00000000c6d00000)
 Metaspace       used 73345K, committed 74432K, reserved 1122304K
  class space    used 7661K, committed 8128K, reserved 1048576K
}
Event: 317.496 GC heap after
{Heap after GC invocations=48 (full 5):
 PSYoungGen      total 27136K, used 0K [0x00000000eab00000, 0x00000000ed380000, 0x0000000100000000)
  eden space 12800K, 0% used [0x00000000eab00000,0x00000000eab00000,0x00000000eb780000)
  from space 14336K, 0% used [0x00000000eb780000,0x00000000eb780000,0x00000000ec580000)
  to   space 14336K, 0% used [0x00000000ec580000,0x00000000ec580000,0x00000000ed380000)
 ParOldGen       total 115712K, used 79031K [0x00000000c0000000, 0x00000000c7100000, 0x00000000eab00000)
  object space 115712K, 68% used [0x00000000c0000000,0x00000000c4d2dc78,0x00000000c7100000)
 Metaspace       used 73345K, committed 74432K, reserved 1122304K
  class space    used 7661K, committed 8128K, reserved 1048576K
}
Event: 320.247 GC heap before
{Heap before GC invocations=49 (full 5):
 PSYoungGen      total 27136K, used 12800K [0x00000000eab00000, 0x00000000ed380000, 0x0000000100000000)
  eden space 12800K, 100% used [0x00000000eab00000,0x00000000eb780000,0x00000000eb780000)
  from space 14336K, 0% used [0x00000000eb780000,0x00000000eb780000,0x00000000ec580000)
  to   space 14336K, 0% used [0x00000000ec580000,0x00000000ec580000,0x00000000ed380000)
 ParOldGen       total 115712K, used 79031K [0x00000000c0000000, 0x00000000c7100000, 0x00000000eab00000)
  object space 115712K, 68% used [0x00000000c0000000,0x00000000c4d2dc78,0x00000000c7100000)
 Metaspace       used 73946K, committed 75008K, reserved 1122304K
  class space    used 7745K, committed 8192K, reserved 1048576K
}
Event: 320.251 GC heap after
{Heap after GC invocations=49 (full 5):
 PSYoungGen      total 13824K, used 1007K [0x00000000eab00000, 0x00000000ec680000, 0x0000000100000000)
  eden space 12800K, 0% used [0x00000000eab00000,0x00000000eab00000,0x00000000eb780000)
  from space 1024K, 98% used [0x00000000ec580000,0x00000000ec67bc88,0x00000000ec680000)
  to   space 5120K, 0% used [0x00000000ebc80000,0x00000000ebc80000,0x00000000ec180000)
 ParOldGen       total 115712K, used 79039K [0x00000000c0000000, 0x00000000c7100000, 0x00000000eab00000)
  object space 115712K, 68% used [0x00000000c0000000,0x00000000c4d2fc78,0x00000000c7100000)
 Metaspace       used 73946K, committed 75008K, reserved 1122304K
  class space    used 7745K, committed 8192K, reserved 1048576K
}
Event: 326.847 GC heap before
{Heap before GC invocations=50 (full 5):
 PSYoungGen      total 13824K, used 13793K [0x00000000eab00000, 0x00000000ec680000, 0x0000000100000000)
  eden space 12800K, 99% used [0x00000000eab00000,0x00000000eb77c848,0x00000000eb780000)
  from space 1024K, 98% used [0x00000000ec580000,0x00000000ec67bc88,0x00000000ec680000)
  to   space 5120K, 0% used [0x00000000ebc80000,0x00000000ebc80000,0x00000000ec180000)
 ParOldGen       total 115712K, used 79039K [0x00000000c0000000, 0x00000000c7100000, 0x00000000eab00000)
  object space 115712K, 68% used [0x00000000c0000000,0x00000000c4d2fc78,0x00000000c7100000)
 Metaspace       used 74881K, committed 75904K, reserved 1122304K
  class space    used 7855K, committed 8320K, reserved 1048576K
}
Event: 326.852 GC heap after
{Heap after GC invocations=50 (full 5):
 PSYoungGen      total 17920K, used 1567K [0x00000000eab00000, 0x00000000ec600000, 0x0000000100000000)
  eden space 12800K, 0% used [0x00000000eab00000,0x00000000eab00000,0x00000000eb780000)
  from space 5120K, 30% used [0x00000000ebc80000,0x00000000ebe07c88,0x00000000ec180000)
  to   space 2560K, 0% used [0x00000000ec380000,0x00000000ec380000,0x00000000ec600000)
 ParOldGen       total 115712K, used 79039K [0x00000000c0000000, 0x00000000c7100000, 0x00000000eab00000)
  object space 115712K, 68% used [0x00000000c0000000,0x00000000c4d2fc78,0x00000000c7100000)
 Metaspace       used 74881K, committed 75904K, reserved 1122304K
  class space    used 7855K, committed 8320K, reserved 1048576K
}
Event: 329.514 GC heap before
{Heap before GC invocations=51 (full 5):
 PSYoungGen      total 17920K, used 14367K [0x00000000eab00000, 0x00000000ec600000, 0x0000000100000000)
  eden space 12800K, 100% used [0x00000000eab00000,0x00000000eb780000,0x00000000eb780000)
  from space 5120K, 30% used [0x00000000ebc80000,0x00000000ebe07c88,0x00000000ec180000)
  to   space 2560K, 0% used [0x00000000ec380000,0x00000000ec380000,0x00000000ec600000)
 ParOldGen       total 115712K, used 79039K [0x00000000c0000000, 0x00000000c7100000, 0x00000000eab00000)
  object space 115712K, 68% used [0x00000000c0000000,0x00000000c4d2fc78,0x00000000c7100000)
 Metaspace       used 75877K, committed 76992K, reserved 1122304K
  class space    used 7983K, committed 8448K, reserved 1048576K
}
Event: 329.519 GC heap after
{Heap after GC invocations=51 (full 5):
 PSYoungGen      total 14848K, used 1823K [0x00000000eab00000, 0x00000000ec580000, 0x0000000100000000)
  eden space 12800K, 0% used [0x00000000eab00000,0x00000000eab00000,0x00000000eb780000)
  from space 2048K, 89% used [0x00000000ec380000,0x00000000ec547c88,0x00000000ec580000)
  to   space 2048K, 0% used [0x00000000ec180000,0x00000000ec180000,0x00000000ec380000)
 ParOldGen       total 115712K, used 79047K [0x00000000c0000000, 0x00000000c7100000, 0x00000000eab00000)
  object space 115712K, 68% used [0x00000000c0000000,0x00000000c4d31c78,0x00000000c7100000)
 Metaspace       used 75877K, committed 76992K, reserved 1122304K
  class space    used 7983K, committed 8448K, reserved 1048576K
}
Event: 330.009 GC heap before
{Heap before GC invocations=52 (full 5):
 PSYoungGen      total 14848K, used 14623K [0x00000000eab00000, 0x00000000ec580000, 0x0000000100000000)
  eden space 12800K, 100% used [0x00000000eab00000,0x00000000eb780000,0x00000000eb780000)
  from space 2048K, 89% used [0x00000000ec380000,0x00000000ec547c88,0x00000000ec580000)
  to   space 2048K, 0% used [0x00000000ec180000,0x00000000ec180000,0x00000000ec380000)
 ParOldGen       total 115712K, used 79047K [0x00000000c0000000, 0x00000000c7100000, 0x00000000eab00000)
  object space 115712K, 68% used [0x00000000c0000000,0x00000000c4d31c78,0x00000000c7100000)
 Metaspace       used 76790K, committed 77888K, reserved 1122304K
  class space    used 8167K, committed 8640K, reserved 1048576K
}
Event: 330.017 GC heap after
{Heap after GC invocations=52 (full 5):
 PSYoungGen      total 14848K, used 2031K [0x00000000eab00000, 0x00000000ec400000, 0x0000000100000000)
  eden space 12800K, 0% used [0x00000000eab00000,0x00000000eab00000,0x00000000eb780000)
  from space 2048K, 99% used [0x00000000ec180000,0x00000000ec37bc98,0x00000000ec380000)
  to   space 512K, 0% used [0x00000000ec380000,0x00000000ec380000,0x00000000ec400000)
 ParOldGen       total 115712K, used 80134K [0x00000000c0000000, 0x00000000c7100000, 0x00000000eab00000)
  object space 115712K, 69% used [0x00000000c0000000,0x00000000c4e41820,0x00000000c7100000)
 Metaspace       used 76790K, committed 77888K, reserved 1122304K
  class space    used 8167K, committed 8640K, reserved 1048576K
}
Event: 342.019 GC heap before
{Heap before GC invocations=53 (full 5):
 PSYoungGen      total 14848K, used 14831K [0x00000000eab00000, 0x00000000ec400000, 0x0000000100000000)
  eden space 12800K, 100% used [0x00000000eab00000,0x00000000eb780000,0x00000000eb780000)
  from space 2048K, 99% used [0x00000000ec180000,0x00000000ec37bc98,0x00000000ec380000)
  to   space 512K, 0% used [0x00000000ec380000,0x00000000ec380000,0x00000000ec400000)
 ParOldGen       total 115712K, used 80134K [0x00000000c0000000, 0x00000000c7100000, 0x00000000eab00000)
  object space 115712K, 69% used [0x00000000c0000000,0x00000000c4e41820,0x00000000c7100000)
 Metaspace       used 77543K, committed 78592K, reserved 1122304K
  class space    used 8246K, committed 8704K, reserved 1048576K
}
Event: 342.026 GC heap after
{Heap after GC invocations=53 (full 5):
 PSYoungGen      total 13312K, used 511K [0x00000000eab00000, 0x00000000ec400000, 0x0000000100000000)
  eden space 12800K, 0% used [0x00000000eab00000,0x00000000eab00000,0x00000000eb780000)
  from space 512K, 99% used [0x00000000ec380000,0x00000000ec3ffc68,0x00000000ec400000)
  to   space 3072K, 0% used [0x00000000ebe00000,0x00000000ebe00000,0x00000000ec100000)
 ParOldGen       total 115712K, used 81973K [0x00000000c0000000, 0x00000000c7100000, 0x00000000eab00000)
  object space 115712K, 70% used [0x00000000c0000000,0x00000000c500d440,0x00000000c7100000)
 Metaspace       used 77543K, committed 78592K, reserved 1122304K
  class space    used 8246K, committed 8704K, reserved 1048576K
}
Event: 348.236 GC heap before
{Heap before GC invocations=54 (full 5):
 PSYoungGen      total 13312K, used 13311K [0x00000000eab00000, 0x00000000ec400000, 0x0000000100000000)
  eden space 12800K, 100% used [0x00000000eab00000,0x00000000eb780000,0x00000000eb780000)
  from space 512K, 99% used [0x00000000ec380000,0x00000000ec3ffc68,0x00000000ec400000)
  to   space 3072K, 0% used [0x00000000ebe00000,0x00000000ebe00000,0x00000000ec100000)
 ParOldGen       total 115712K, used 81973K [0x00000000c0000000, 0x00000000c7100000, 0x00000000eab00000)
  object space 115712K, 70% used [0x00000000c0000000,0x00000000c500d440,0x00000000c7100000)
 Metaspace       used 77742K, committed 78784K, reserved 1122304K
  class space    used 8249K, committed 8704K, reserved 1048576K
}
Event: 348.238 GC heap after
{Heap after GC invocations=54 (full 5):
 PSYoungGen      total 15872K, used 640K [0x00000000eab00000, 0x00000000ec400000, 0x0000000100000000)
  eden space 12800K, 0% used [0x00000000eab00000,0x00000000eab00000,0x00000000eb780000)
  from space 3072K, 20% used [0x00000000ebe00000,0x00000000ebea0020,0x00000000ec100000)
  to   space 1536K, 0% used [0x00000000ec280000,0x00000000ec280000,0x00000000ec400000)
 ParOldGen       total 115712K, used 82100K [0x00000000c0000000, 0x00000000c7100000, 0x00000000eab00000)
  object space 115712K, 70% used [0x00000000c0000000,0x00000000c502d1d0,0x00000000c7100000)
 Metaspace       used 77742K, committed 78784K, reserved 1122304K
  class space    used 8249K, committed 8704K, reserved 1048576K
}
Event: 388.431 GC heap before
{Heap before GC invocations=55 (full 5):
 PSYoungGen      total 15872K, used 13440K [0x00000000eab00000, 0x00000000ec400000, 0x0000000100000000)
  eden space 12800K, 100% used [0x00000000eab00000,0x00000000eb780000,0x00000000eb780000)
  from space 3072K, 20% used [0x00000000ebe00000,0x00000000ebea0020,0x00000000ec100000)
  to   space 1536K, 0% used [0x00000000ec280000,0x00000000ec280000,0x00000000ec400000)
 ParOldGen       total 115712K, used 82100K [0x00000000c0000000, 0x00000000c7100000, 0x00000000eab00000)
  object space 115712K, 70% used [0x00000000c0000000,0x00000000c502d1d0,0x00000000c7100000)
 Metaspace       used 77973K, committed 79040K, reserved 1122304K
  class space    used 8285K, committed 8768K, reserved 1048576K
}
Event: 388.442 GC heap after
{Heap after GC invocations=55 (full 5):
 PSYoungGen      total 14336K, used 1504K [0x00000000eab00000, 0x00000000ec400000, 0x0000000100000000)
  eden space 12800K, 0% used [0x00000000eab00000,0x00000000eab00000,0x00000000eb780000)
  from space 1536K, 97% used [0x00000000ec280000,0x00000000ec3f8020,0x00000000ec400000)
  to   space 4608K, 0% used [0x00000000ebb00000,0x00000000ebb00000,0x00000000ebf80000)
 ParOldGen       total 115712K, used 84484K [0x00000000c0000000, 0x00000000c7100000, 0x00000000eab00000)
  object space 115712K, 73% used [0x00000000c0000000,0x00000000c5281100,0x00000000c7100000)
 Metaspace       used 77973K, committed 79040K, reserved 1122304K
  class space    used 8285K, committed 8768K, reserved 1048576K
}

Dll operation events (10 events):
Event: 0.013 Loaded shared library c:\Users\Dan\.vscode\extensions\redhat.java-1.13.0-win32-x64\jre\17.0.5-win32-x86_64\bin\java.dll
Event: 0.743 Loaded shared library c:\Users\Dan\.vscode\extensions\redhat.java-1.13.0-win32-x64\jre\17.0.5-win32-x86_64\bin\zip.dll
Event: 0.748 Loaded shared library C:\Users\Dan\.vscode\extensions\redhat.java-1.13.0-win32-x64\jre\17.0.5-win32-x86_64\bin\instrument.dll
Event: 0.796 Loaded shared library C:\Users\Dan\.vscode\extensions\redhat.java-1.13.0-win32-x64\jre\17.0.5-win32-x86_64\bin\net.dll
Event: 0.798 Loaded shared library C:\Users\Dan\.vscode\extensions\redhat.java-1.13.0-win32-x64\jre\17.0.5-win32-x86_64\bin\nio.dll
Event: 0.827 Loaded shared library C:\Users\Dan\.vscode\extensions\redhat.java-1.13.0-win32-x64\jre\17.0.5-win32-x86_64\bin\zip.dll
Event: 0.858 Loaded shared library C:\Users\Dan\.vscode\extensions\redhat.java-1.13.0-win32-x64\jre\17.0.5-win32-x86_64\bin\jimage.dll
Event: 1.017 Loaded shared library c:\Users\Dan\.vscode\extensions\redhat.java-1.13.0-win32-x64\jre\17.0.5-win32-x86_64\bin\verify.dll
Event: 19.781 Loaded shared library C:\Users\Dan\AppData\Roaming\Code\User\globalStorage\redhat.java\1.13.0\config_win\org.eclipse.equinox.launcher\org.eclipse.equinox.launcher.win32.win32.x86_64_1.2.600.v20220720-1916\eclipse_11700.dll
Event: 43.780 Loaded shared library C:\Users\Dan\AppData\Local\Temp\jna-68465\jna15260893279291977890.dll

Deoptimization events (20 events):
Event: 387.996 Thread 0x00000273d5d1fb20 Uncommon trap: trap_request=0xffffffd6 fr.pc=0x00000273c67339b0 relative=0x0000000000002030
Event: 387.996 Thread 0x00000273d5d1fb20 Uncommon trap: reason=array_check action=maybe_recompile pc=0x00000273c67339b0 method=java.util.TimSort.reverseRange([Ljava/lang/Object;II)V @ 20 c2
Event: 387.996 Thread 0x00000273d5d1fb20 DEOPT PACKING pc=0x00000273c67339b0 sp=0x000000f32b9fde70
Event: 387.996 Thread 0x00000273d5d1fb20 DEOPT UNPACKING pc=0x00000273be68209d sp=0x000000f32b9fdd38 mode 2
Event: 387.999 Thread 0x00000273d5d1fb20 Uncommon trap: trap_request=0xffffffd6 fr.pc=0x00000273c67339b0 relative=0x0000000000002030
Event: 387.999 Thread 0x00000273d5d1fb20 Uncommon trap: reason=array_check action=maybe_recompile pc=0x00000273c67339b0 method=java.util.TimSort.reverseRange([Ljava/lang/Object;II)V @ 20 c2
Event: 387.999 Thread 0x00000273d5d1fb20 DEOPT PACKING pc=0x00000273c67339b0 sp=0x000000f32b9fddc0
Event: 387.999 Thread 0x00000273d5d1fb20 DEOPT UNPACKING pc=0x00000273be68209d sp=0x000000f32b9fdc88 mode 2
Event: 388.000 Thread 0x00000273d5d1fb20 Uncommon trap: trap_request=0xffffffd6 fr.pc=0x00000273c67339b0 relative=0x0000000000002030
Event: 388.000 Thread 0x00000273d5d1fb20 Uncommon trap: reason=array_check action=maybe_recompile pc=0x00000273c67339b0 method=java.util.TimSort.reverseRange([Ljava/lang/Object;II)V @ 20 c2
Event: 388.000 Thread 0x00000273d5d1fb20 DEOPT PACKING pc=0x00000273c67339b0 sp=0x000000f32b9fd910
Event: 388.000 Thread 0x00000273d5d1fb20 DEOPT UNPACKING pc=0x00000273be68209d sp=0x000000f32b9fd7d8 mode 2
Event: 388.000 Thread 0x00000273d5d1fb20 Uncommon trap: trap_request=0xffffffd6 fr.pc=0x00000273c673374c relative=0x0000000000001dcc
Event: 388.000 Thread 0x00000273d5d1fb20 Uncommon trap: reason=array_check action=maybe_recompile pc=0x00000273c673374c method=java.util.TimSort.reverseRange([Ljava/lang/Object;II)V @ 20 c2
Event: 388.000 Thread 0x00000273d5d1fb20 DEOPT PACKING pc=0x00000273c673374c sp=0x000000f32b9fd910
Event: 388.000 Thread 0x00000273d5d1fb20 DEOPT UNPACKING pc=0x00000273be68209d sp=0x000000f32b9fd7d8 mode 2
Event: 388.045 Thread 0x00000273d5d1fb20 Uncommon trap: trap_request=0xfffffff4 fr.pc=0x00000273c662de68 relative=0x00000000000050a8
Event: 388.045 Thread 0x00000273d5d1fb20 Uncommon trap: reason=null_check action=make_not_entrant pc=0x00000273c662de68 method=org.eclipse.jdt.core.dom.TypeBinding.<init>(Lorg/eclipse/jdt/core/dom/BindingResolver;Lorg/eclipse/jdt/internal/compiler/lookup/TypeBinding;)V @ 43 c2
Event: 388.045 Thread 0x00000273d5d1fb20 DEOPT PACKING pc=0x00000273c662de68 sp=0x000000f32b9fe8e0
Event: 388.045 Thread 0x00000273d5d1fb20 DEOPT UNPACKING pc=0x00000273be68209d sp=0x000000f32b9fe6a8 mode 2

Classes unloaded (7 events):
Event: 25.818 Thread 0x00000273cff247f0 Unloading class 0x0000000100216400 'java/lang/invoke/LambdaForm$MH+0x0000000100216400'
Event: 25.818 Thread 0x00000273cff247f0 Unloading class 0x0000000100216000 'java/lang/invoke/LambdaForm$MH+0x0000000100216000'
Event: 25.818 Thread 0x00000273cff247f0 Unloading class 0x0000000100215c00 'java/lang/invoke/LambdaForm$MH+0x0000000100215c00'
Event: 25.818 Thread 0x00000273cff247f0 Unloading class 0x0000000100215400 'java/lang/invoke/LambdaForm$MH+0x0000000100215400'
Event: 25.818 Thread 0x00000273cff247f0 Unloading class 0x0000000100215000 'java/lang/invoke/LambdaForm$BMH+0x0000000100215000'
Event: 25.818 Thread 0x00000273cff247f0 Unloading class 0x0000000100214c00 'java/lang/invoke/LambdaForm$DMH+0x0000000100214c00'
Event: 25.818 Thread 0x00000273cff247f0 Unloading class 0x0000000100212000 'java/lang/invoke/LambdaForm$DMH+0x0000000100212000'

Classes redefined (0 events):
No events

Internal exceptions (20 events):
Event: 327.190 Thread 0x00000273d5d22670 Exception <a 'java/lang/NoSuchMethodError'{0x00000000eaf7c8b0}: 'java.lang.Object java.lang.invoke.DirectMethodHandle$Holder.newInvokeSpecial(java.lang.Object, java.lang.Object, java.lang.Object, java.lang.Object, java.lang.Object, java.lang.Object, java.lang.Object, java.lang.Object, java.lang.Object)'> (0x00000000eaf7c8b0) 
thrown [s\src\hotspot\share\interpreter\linkResolver.cpp, line 759]
Event: 327.191 Thread 0x00000273d5d22670 Exception <a 'java/lang/NoSuchMethodError'{0x00000000eaf82128}: 'java.lang.Object java.lang.invoke.DirectMethodHandle$Holder.invokeSpecial(java.lang.Object, java.lang.Object, java.lang.Object, java.lang.Object, java.lang.Object, java.lang.Object, java.lang.Object, java.lang.Object, java.lang.Object, java.lang.Object)'> (0x00000000eaf82128) 
thrown [s\src\hotspot\share\interpreter\linkResolver.cpp, line 759]
Event: 327.192 Thread 0x00000273d5d22670 Exception <a 'java/lang/NoSuchMethodError'{0x00000000eaf866f0}: 'java.lang.Object java.lang.invoke.Invokers$Holder.linkToTargetMethod(java.lang.Object, java.lang.Object, java.lang.Object, java.lang.Object, java.lang.Object, java.lang.Object, java.lang.Object, java.lang.Object, java.lang.Object)'> (0x00000000eaf866f0) 
thrown [s\src\hotspot\share\interpreter\linkResolver.cpp, line 759]
Event: 329.304 Thread 0x00000273d5d239b0 Exception <a 'java/lang/NoSuchMethodError'{0x00000000eb1f1800}: 'void java.lang.invoke.DirectMethodHandle$Holder.invokeSpecial(java.lang.Object, java.lang.Object, java.lang.Object, java.lang.Object, java.lang.Object)'> (0x00000000eb1f1800) 
thrown [s\src\hotspot\share\interpreter\linkResolver.cpp, line 759]
Event: 329.583 Thread 0x00000273d5d22670 Exception <a 'java/lang/IncompatibleClassChangeError'{0x00000000ead83a88}: Found class java.lang.Object, but interface was expected> (0x00000000ead83a88) 
thrown [s\src\hotspot\share\interpreter\linkResolver.cpp, line 826]
Event: 329.653 Thread 0x00000273d5d22670 Implicit null exception at 0x00000273c642c174 to 0x00000273c642c5c4
Event: 329.678 Thread 0x00000273d5d22670 Implicit null exception at 0x00000273c638bcec to 0x00000273c638bd94
Event: 329.720 Thread 0x00000273d5d22670 Exception <a 'java/lang/NoSuchMethodError'{0x00000000eb3b45d0}: 'java.lang.Object java.lang.invoke.DirectMethodHandle$Holder.newInvokeSpecial(java.lang.Object, java.lang.Object, java.lang.Object, int, int)'> (0x00000000eb3b45d0) 
thrown [s\src\hotspot\share\interpreter\linkResolver.cpp, line 759]
Event: 329.766 Thread 0x00000273d5d22670 Exception <a 'java/lang/NoSuchMethodError'{0x00000000eb57be48}: 'java.lang.Object java.lang.invoke.DirectMethodHandle$Holder.newInvokeSpecial(java.lang.Object, java.lang.Object, int, java.lang.Object)'> (0x00000000eb57be48) 
thrown [s\src\hotspot\share\interpreter\linkResolver.cpp, line 759]
Event: 329.766 Thread 0x00000273d5d22670 Exception <a 'java/lang/NoSuchMethodError'{0x00000000eb57fe58}: 'java.lang.Object java.lang.invoke.DirectMethodHandle$Holder.invokeSpecial(java.lang.Object, java.lang.Object, java.lang.Object, int, java.lang.Object)'> (0x00000000eb57fe58) 
thrown [s\src\hotspot\share\interpreter\linkResolver.cpp, line 759]
Event: 329.920 Thread 0x00000273d5d20e60 Exception <a 'java/lang/NoSuchMethodError'{0x00000000eb741430}: 'java.lang.Object java.lang.invoke.DirectMethodHandle$Holder.invokeSpecial(java.lang.Object, java.lang.Object, int, java.lang.Object, int, java.lang.Object)'> (0x00000000eb741430) 
thrown [s\src\hotspot\share\interpreter\linkResolver.cpp, line 759]
Event: 329.922 Thread 0x00000273d5d20e60 Exception <a 'java/lang/NoSuchMethodError'{0x00000000eb750aa8}: 'java.lang.Object java.lang.invoke.Invokers$Holder.linkToTargetMethod(java.lang.Object, int, java.lang.Object, int, java.lang.Object)'> (0x00000000eb750aa8) 
thrown [s\src\hotspot\share\interpreter\linkResolver.cpp, line 759]
Event: 330.304 Thread 0x00000273d5d22670 Exception <a 'sun/nio/fs/WindowsException'{0x00000000eac2f1c8}> (0x00000000eac2f1c8) 
thrown [s\src\hotspot\share\prims\jni.cpp, line 516]
Event: 330.307 Thread 0x00000273d5d22670 Exception <a 'sun/nio/fs/WindowsException'{0x00000000eac40370}> (0x00000000eac40370) 
thrown [s\src\hotspot\share\prims\jni.cpp, line 516]
Event: 330.863 Thread 0x00000273d5d22670 Exception <a 'java/lang/NoSuchMethodError'{0x00000000ead3ef00}: 'int java.lang.invoke.DirectMethodHandle$Holder.invokeSpecial(java.lang.Object, java.lang.Object, java.lang.Object, java.lang.Object)'> (0x00000000ead3ef00) 
thrown [s\src\hotspot\share\interpreter\linkResolver.cpp, line 759]
Event: 330.943 Thread 0x00000273d5d22670 Exception <a 'java/lang/NoSuchMethodError'{0x00000000eaf3b620}: 'java.lang.Object java.lang.invoke.DirectMethodHandle$Holder.invokeStatic(java.lang.Object, int, java.lang.Object, java.lang.Object, java.lang.Object)'> (0x00000000eaf3b620) 
thrown [s\src\hotspot\share\interpreter\linkResolver.cpp, line 759]
Event: 363.894 Thread 0x00000273d1d56eb0 Implicit null exception at 0x00000273c633c55f to 0x00000273c633c7f4
Event: 363.909 Thread 0x00000273d1d56eb0 Exception <a 'java/lang/NoSuchMethodError'{0x00000000eaca34d8}: 'java.lang.Object java.lang.invoke.DirectMethodHandle$Holder.newInvokeSpecial(java.lang.Object, java.lang.Object, java.lang.Object, java.lang.Object, java.lang.Object, java.lang.Object, java.lang.Object, java.lang.Object)'> (0x00000000eaca34d8) 
thrown [s\src\hotspot\share\interpreter\linkResolver.cpp, line 759]
Event: 363.909 Thread 0x00000273d1d56eb0 Exception <a 'java/lang/NoSuchMethodError'{0x00000000eaca8ae0}: 'java.lang.Object java.lang.invoke.DirectMethodHandle$Holder.invokeSpecial(java.lang.Object, java.lang.Object, java.lang.Object, java.lang.Object, java.lang.Object, java.lang.Object, java.lang.Object, java.lang.Object, java.lang.Object)'> (0x00000000eaca8ae0) 
thrown [s\src\hotspot\share\interpreter\linkResolver.cpp, line 759]
Event: 363.909 Thread 0x00000273d1d56eb0 Exception <a 'java/lang/NoSuchMethodError'{0x00000000eacad848}: 'java.lang.Object java.lang.invoke.Invokers$Holder.linkToTargetMethod(java.lang.Object, java.lang.Object, java.lang.Object, java.lang.Object, java.lang.Object, java.lang.Object, java.lang.Object, java.lang.Object)'> (0x00000000eacad848) 
thrown [s\src\hotspot\share\interpreter\linkResolver.cpp, line 759]

VM Operations (20 events):
Event: 348.236 Executing VM operation: ParallelGCFailedAllocation
Event: 348.238 Executing VM operation: ParallelGCFailedAllocation done
Event: 350.238 Executing VM operation: Cleanup
Event: 350.238 Executing VM operation: Cleanup done
Event: 358.238 Executing VM operation: Cleanup
Event: 358.239 Executing VM operation: Cleanup done
Event: 360.239 Executing VM operation: Cleanup
Event: 360.239 Executing VM operation: Cleanup done
Event: 364.239 Executing VM operation: Cleanup
Event: 364.239 Executing VM operation: Cleanup done
Event: 367.239 Executing VM operation: Cleanup
Event: 367.239 Executing VM operation: Cleanup done
Event: 381.606 Executing VM operation: HandshakeAllThreads
Event: 381.606 Executing VM operation: HandshakeAllThreads done
Event: 381.606 Executing VM operation: Cleanup
Event: 381.606 Executing VM operation: Cleanup done
Event: 383.606 Executing VM operation: Cleanup
Event: 383.606 Executing VM operation: Cleanup done
Event: 388.431 Executing VM operation: ParallelGCFailedAllocation
Event: 388.442 Executing VM operation: ParallelGCFailedAllocation done

Events (20 events):
Event: 363.898 loading class java/util/stream/Nodes$ConcNode
Event: 363.899 loading class java/util/stream/Nodes$AbstractConcNode
Event: 363.899 loading class java/util/stream/Nodes$AbstractConcNode done
Event: 363.899 loading class java/util/stream/Nodes$ConcNode done
Event: 363.899 Thread 0x00000273d5d22b40 Thread added: 0x00000273d5d22b40
Event: 363.899 loading class java/util/stream/Nodes$ToArrayTask$OfRef
Event: 363.900 loading class java/util/stream/Nodes$ToArrayTask
Event: 363.900 loading class java/util/stream/Nodes$ToArrayTask done
Event: 363.900 loading class java/util/stream/Nodes$ToArrayTask$OfRef done
Event: 363.900 Thread 0x00000273d5d23010 Thread added: 0x00000273d5d23010
Event: 363.900 Thread 0x00000273d5d22b40 Thread exited: 0x00000273d5d22b40
Event: 363.900 Thread 0x00000273d5d21330 Thread exited: 0x00000273d5d21330
Event: 363.900 Thread 0x00000273d5d23010 Thread exited: 0x00000273d5d23010
Event: 363.902 loading class java/io/ObjectOutputStream$BlockDataOutputStream
Event: 363.902 loading class java/io/ObjectOutputStream$BlockDataOutputStream done
Event: 363.902 loading class java/io/ObjectOutputStream$HandleTable
Event: 363.903 loading class java/io/ObjectOutputStream$HandleTable done
Event: 363.903 loading class java/io/ObjectOutputStream$ReplaceTable
Event: 363.903 loading class java/io/ObjectOutputStream$ReplaceTable done
Event: 387.991 Thread 0x00000273d1dff510 Thread added: 0x00000273d1dff510


Dynamic libraries:
0x00007ff7538f0000 - 0x00007ff7538fe000 	c:\Users\Dan\.vscode\extensions\redhat.java-1.13.0-win32-x64\jre\17.0.5-win32-x86_64\bin\java.exe
0x00007ffd74cb0000 - 0x00007ffd74e71000 	C:\WINDOWS\SYSTEM32\ntdll.dll
0x00007ffd73d80000 - 0x00007ffd73e2d000 	C:\WINDOWS\system32\KERNEL32.DLL
0x00007ffd71e60000 - 0x00007ffd72048000 	C:\WINDOWS\system32\KERNELBASE.dll
0x00007ffd6cfe0000 - 0x00007ffd6cff7000 	c:\Users\Dan\.vscode\extensions\redhat.java-1.13.0-win32-x64\jre\17.0.5-win32-x86_64\bin\jli.dll
0x00007ffd74a00000 - 0x00007ffd74b56000 	C:\WINDOWS\system32\USER32.dll
0x00007ffd6cfc0000 - 0x00007ffd6cfd9000 	c:\Users\Dan\.vscode\extensions\redhat.java-1.13.0-win32-x64\jre\17.0.5-win32-x86_64\bin\VCRUNTIME140.dll
0x00007ffd73e30000 - 0x00007ffd73fb6000 	C:\WINDOWS\system32\GDI32.dll
0x00007ffd70470000 - 0x00007ffd70564000 	C:\WINDOWS\SYSTEM32\ucrtbase.dll
0x00007ffd65380000 - 0x00007ffd655f4000 	C:\WINDOWS\WinSxS\amd64_microsoft.windows.common-controls_6595b64144ccf1df_6.0.10586.0_none_8c15ae12515e1c22\COMCTL32.dll
0x00007ffd72320000 - 0x00007ffd723bd000 	C:\WINDOWS\system32\msvcrt.dll
0x00007ffd742e0000 - 0x00007ffd7455d000 	C:\WINDOWS\system32\combase.dll
0x00007ffd739e0000 - 0x00007ffd73afc000 	C:\WINDOWS\system32\RPCRT4.dll
0x00007ffd71520000 - 0x00007ffd7158a000 	C:\WINDOWS\system32\bcryptPrimitives.dll
0x00007ffd74bc0000 - 0x00007ffd74bfb000 	C:\WINDOWS\system32\IMM32.DLL
0x00007ffd6e120000 - 0x00007ffd6e12c000 	c:\Users\Dan\.vscode\extensions\redhat.java-1.13.0-win32-x64\jre\17.0.5-win32-x86_64\bin\vcruntime140_1.dll
0x00007ffd60160000 - 0x00007ffd601f1000 	c:\Users\Dan\.vscode\extensions\redhat.java-1.13.0-win32-x64\jre\17.0.5-win32-x86_64\bin\msvcp140.dll
0x00007ffd54d90000 - 0x00007ffd559d4000 	c:\Users\Dan\.vscode\extensions\redhat.java-1.13.0-win32-x64\jre\17.0.5-win32-x86_64\bin\server\jvm.dll
0x00007ffd74c00000 - 0x00007ffd74ca7000 	C:\WINDOWS\system32\ADVAPI32.dll
0x00007ffd73980000 - 0x00007ffd739db000 	C:\WINDOWS\system32\sechost.dll
0x00007ffd6df90000 - 0x00007ffd6df99000 	C:\WINDOWS\SYSTEM32\WSOCK32.dll
0x00007ffd74560000 - 0x00007ffd745cb000 	C:\WINDOWS\system32\WS2_32.dll
0x00007ffd6f610000 - 0x00007ffd6f633000 	C:\WINDOWS\SYSTEM32\WINMM.dll
0x00007ffd6de60000 - 0x00007ffd6de6a000 	C:\WINDOWS\SYSTEM32\VERSION.dll
0x00007ffd6f5b0000 - 0x00007ffd6f5dc000 	C:\WINDOWS\SYSTEM32\WINMMBASE.dll
0x00007ffd71410000 - 0x00007ffd71453000 	C:\WINDOWS\system32\cfgmgr32.dll
0x00007ffd712d0000 - 0x00007ffd712df000 	C:\WINDOWS\system32\kernel.appcore.dll
0x00007ffd6c4f0000 - 0x00007ffd6c4fa000 	c:\Users\Dan\.vscode\extensions\redhat.java-1.13.0-win32-x64\jre\17.0.5-win32-x86_64\bin\jimage.dll
0x00007ffd6af00000 - 0x00007ffd6b08c000 	C:\WINDOWS\SYSTEM32\DBGHELP.DLL
0x00007ffd6ac60000 - 0x00007ffd6ac85000 	C:\WINDOWS\SYSTEM32\dbgcore.DLL
0x00007ffd6bfc0000 - 0x00007ffd6bfce000 	c:\Users\Dan\.vscode\extensions\redhat.java-1.13.0-win32-x64\jre\17.0.5-win32-x86_64\bin\instrument.dll
0x00007ffd6bf90000 - 0x00007ffd6bfb5000 	c:\Users\Dan\.vscode\extensions\redhat.java-1.13.0-win32-x64\jre\17.0.5-win32-x86_64\bin\java.dll
0x00007ffd68d90000 - 0x00007ffd68da8000 	c:\Users\Dan\.vscode\extensions\redhat.java-1.13.0-win32-x64\jre\17.0.5-win32-x86_64\bin\zip.dll
0x00007ffd72420000 - 0x00007ffd7397c000 	C:\WINDOWS\system32\SHELL32.dll
0x00007ffd717f0000 - 0x00007ffd71e35000 	C:\WINDOWS\system32\windows.storage.dll
0x00007ffd720b0000 - 0x00007ffd72102000 	C:\WINDOWS\system32\shlwapi.dll
0x00007ffd71460000 - 0x00007ffd71515000 	C:\WINDOWS\system32\shcore.dll
0x00007ffd712e0000 - 0x00007ffd7132b000 	C:\WINDOWS\system32\powrprof.dll
0x00007ffd71330000 - 0x00007ffd71344000 	C:\WINDOWS\system32\profapi.dll
0x00007ffd68d70000 - 0x00007ffd68d89000 	C:\Users\Dan\.vscode\extensions\redhat.java-1.13.0-win32-x64\jre\17.0.5-win32-x86_64\bin\net.dll
0x00007ffd6ce60000 - 0x00007ffd6cf28000 	C:\WINDOWS\SYSTEM32\WINHTTP.dll
0x00007ffd70c00000 - 0x00007ffd70c5c000 	C:\WINDOWS\system32\mswsock.dll
0x00007ffd68d50000 - 0x00007ffd68d65000 	C:\Users\Dan\.vscode\extensions\redhat.java-1.13.0-win32-x64\jre\17.0.5-win32-x86_64\bin\nio.dll
0x00007ffd6a610000 - 0x00007ffd6a620000 	c:\Users\Dan\.vscode\extensions\redhat.java-1.13.0-win32-x64\jre\17.0.5-win32-x86_64\bin\verify.dll
0x00007ffd57790000 - 0x00007ffd577ce000 	C:\Users\Dan\AppData\Roaming\Code\User\globalStorage\redhat.java\1.13.0\config_win\org.eclipse.equinox.launcher\org.eclipse.equinox.launcher.win32.win32.x86_64_1.2.600.v20220720-1916\eclipse_11700.dll
0x00007ffd73b00000 - 0x00007ffd73c43000 	C:\WINDOWS\system32\ole32.dll
0x00007ffd70cb0000 - 0x00007ffd70cc7000 	C:\WINDOWS\SYSTEM32\CRYPTSP.dll
0x00007ffd70940000 - 0x00007ffd70974000 	C:\WINDOWS\system32\rsaenh.dll
0x00007ffd70ed0000 - 0x00007ffd70ef9000 	C:\WINDOWS\SYSTEM32\bcrypt.dll
0x00007ffd70a90000 - 0x00007ffd70aaf000 	C:\WINDOWS\SYSTEM32\USERENV.dll
0x00007ffd70dd0000 - 0x00007ffd70ddb000 	C:\WINDOWS\SYSTEM32\CRYPTBASE.dll
0x00007ffd6e290000 - 0x00007ffd6e2c8000 	C:\WINDOWS\SYSTEM32\IPHLPAPI.DLL
0x00007ffd72310000 - 0x00007ffd72318000 	C:\WINDOWS\system32\NSI.dll
0x00007ffd6df20000 - 0x00007ffd6df36000 	C:\WINDOWS\SYSTEM32\dhcpcsvc6.DLL
0x00007ffd6e0e0000 - 0x00007ffd6e0fa000 	C:\WINDOWS\SYSTEM32\dhcpcsvc.DLL
0x00007ffd5d2c0000 - 0x00007ffd5d300000 	C:\Users\Dan\AppData\Local\Temp\jna-68465\jna15260893279291977890.dll
0x00007ffd72230000 - 0x00007ffd72238000 	C:\WINDOWS\system32\PSAPI.DLL
0x00007ffd6cda0000 - 0x00007ffd6cdb5000 	C:\WINDOWS\SYSTEM32\ondemandconnroutehelper.dll

dbghelp: loaded successfully - version: 4.0.5 - missing functions: none
symbol engine: initialized successfully - sym options: 0x614 - pdb path: .;c:\Users\Dan\.vscode\extensions\redhat.java-1.13.0-win32-x64\jre\17.0.5-win32-x86_64\bin;C:\WINDOWS\SYSTEM32;C:\WINDOWS\WinSxS\amd64_microsoft.windows.common-controls_6595b64144ccf1df_6.0.10586.0_none_8c15ae12515e1c22;c:\Users\Dan\.vscode\extensions\redhat.java-1.13.0-win32-x64\jre\17.0.5-win32-x86_64\bin\server;C:\Users\Dan\AppData\Roaming\Code\User\globalStorage\redhat.java\1.13.0\config_win\org.eclipse.equinox.launcher\org.eclipse.equinox.launcher.win32.win32.x86_64_1.2.600.v20220720-1916;C:\Users\Dan\AppData\Local\Temp\jna-68465

VM Arguments:
jvm_args: --add-modules=ALL-SYSTEM --add-opens=java.base/java.util=ALL-UNNAMED --add-opens=java.base/java.lang=ALL-UNNAMED --add-opens=java.base/sun.nio.fs=ALL-UNNAMED -Declipse.application=org.eclipse.jdt.ls.core.id1 -Dosgi.bundles.defaultStartLevel=4 -Declipse.product=org.eclipse.jdt.ls.core.product -Djava.import.generatesMetadataFilesAtProjectRoot=false -Dfile.encoding=utf8 -XX:+UseParallelGC -XX:GCTimeRatio=4 -XX:AdaptiveSizePolicyWeight=90 -Dsun.zip.disableMemoryMapping=true -Xmx1G -Xms100m -Xlog:disable -javaagent:c:\Users\Dan\.vscode\extensions\redhat.java-1.13.0-win32-x64\lombok\lombok-1.18.24.jar -XX:+HeapDumpOnOutOfMemoryError -XX:HeapDumpPath=c:\Users\Dan\AppData\Roaming\Code\User\workspaceStorage\b81711f6c73ef69cbbb0f61b056d21ac\redhat.java 
java_command: c:\Users\Dan\.vscode\extensions\redhat.java-1.13.0-win32-x64\server\plugins\org.eclipse.equinox.launcher_1.6.400.v20210924-0641.jar -configuration c:\Users\Dan\AppData\Roaming\Code\User\globalStorage\redhat.java\1.13.0\config_win -data c:\Users\Dan\AppData\Roaming\Code\User\workspaceStorage\b81711f6c73ef69cbbb0f61b056d21ac\redhat.java\jdt_ws
java_class_path (initial): c:\Users\Dan\.vscode\extensions\redhat.java-1.13.0-win32-x64\server\plugins\org.eclipse.equinox.launcher_1.6.400.v20210924-0641.jar
Launcher Type: SUN_STANDARD

[Global flags]
    uintx AdaptiveSizePolicyWeight                 = 90                                        {product} {command line}
     intx CICompilerCount                          = 3                                         {product} {ergonomic}
    uintx GCTimeRatio                              = 4                                         {product} {command line}
     bool HeapDumpOnOutOfMemoryError               = true                                   {manageable} {command line}
    ccstr HeapDumpPath                             = c:\Users\Dan\AppData\Roaming\Code\User\workspaceStorage\b81711f6c73ef69cbbb0f61b056d21ac\redhat.java         {manageable} {command line}
   size_t InitialHeapSize                          = 104857600                                 {product} {command line}
   size_t MaxHeapSize                              = 1073741824                                {product} {command line}
   size_t MaxNewSize                               = 357564416                                 {product} {ergonomic}
   size_t MinHeapDeltaBytes                        = 524288                                    {product} {ergonomic}
   size_t MinHeapSize                              = 104857600                                 {product} {command line}
   size_t NewSize                                  = 34603008                                  {product} {ergonomic}
    uintx NonNMethodCodeHeapSize                   = 5832780                                {pd product} {ergonomic}
    uintx NonProfiledCodeHeapSize                  = 122912730                              {pd product} {ergonomic}
   size_t OldSize                                  = 70254592                                  {product} {ergonomic}
    uintx ProfiledCodeHeapSize                     = 122912730                              {pd product} {ergonomic}
    uintx ReservedCodeCacheSize                    = 251658240                              {pd product} {ergonomic}
     bool SegmentedCodeCache                       = true                                      {product} {ergonomic}
   size_t SoftMaxHeapSize                          = 1073741824                             {manageable} {ergonomic}
     bool UseCompressedClassPointers               = true                           {product lp64_product} {ergonomic}
     bool UseCompressedOops                        = true                           {product lp64_product} {ergonomic}
     bool UseLargePagesIndividualAllocation        = false                                  {pd product} {ergonomic}
     bool UseParallelGC                            = true                                      {product} {command line}

Logging:
Log output configuration:
 #0: stdout all=off uptime,level,tags
 #1: stderr all=off uptime,level,tags

Environment Variables:
JAVA_HOME=C:\Program Files\BellSoft\LibericaJDK-17\
PATH=C:\Program Files\BellSoft\LibericaJDK-17\bin\;C:\WINDOWS\system32;C:\WINDOWS;C:\WINDOWS\System32\Wbem;C:\WINDOWS\System32\WindowsPowerShell\v1.0\;C:\Program Files\Git\cmd;;C:\Users\Dan\AppData\Local\Programs\Microsoft VS Code\bin
USERNAME=Dan
OS=Windows_NT
PROCESSOR_IDENTIFIER=Intel64 Family 6 Model 15 Stepping 11, GenuineIntel
TMP=C:\Users\Dan\AppData\Local\Temp
TEMP=C:\Users\Dan\AppData\Local\Temp



---------------  S Y S T E M  ---------------

OS:
 Windows 10 , 64 bit Build 10586 (10.0.10586.0)
OS uptime: 9 days 10:06 hours

CPU: total 4 (initial active 4) (4 cores per cpu, 1 threads per core) family 6 model 15 stepping 11 microcode 0xba, cx8, cmov, fxsr, mmx, sse, sse2, sse3, ssse3, tsc, clflush

Memory: 4k page, system-wide physical 7087M (3207M free)
TotalPageFile size 8879M (AvailPageFile size 3703M)
current process WorkingSet (physical memory assigned to process): 365M, peak: 398M
current process commit charge ("private bytes"): 395M, peak: 450M

vm_info: OpenJDK 64-Bit Server VM (17.0.5+8) for windows-amd64 JRE (17.0.5+8), built on Oct 19 2022 04:48:13 by "temurin" with MS VC++ 16.7 (VS2019)

END.
